Classic Timing Analyzer report for Design3_Gudmundsson
Tue May 07 10:57:36 2013
Quartus II Version 9.0 Build 235 06/17/2009 Service Pack 2 SJ Full Version


---------------------
; Table of Contents ;
---------------------
  1. Legal Notice
  2. Timing Analyzer Summary
  3. Timing Analyzer Settings
  4. Clock Settings Summary
  5. Parallel Compilation
  6. Clock Setup: 'CLK'
  7. tco
  8. Timing Analyzer Messages



----------------
; Legal Notice ;
----------------
Copyright (C) 1991-2009 Altera Corporation
Your use of Altera Corporation's design tools, logic functions 
and other software and tools, and its AMPP partner logic 
functions, and any output files from any of the foregoing 
(including device programming or simulation files), and any 
associated documentation or information are expressly subject 
to the terms and conditions of the Altera Program License 
Subscription Agreement, Altera MegaCore Function License 
Agreement, or other applicable license agreement, including, 
without limitation, that your use is for the sole purpose of 
programming logic devices manufactured by Altera and sold by 
Altera or its authorized distributors.  Please refer to the 
applicable agreement for further details.



+--------------------------------------------------------------------------------------------------------------------------------------------------------------------------------------------------------+
; Timing Analyzer Summary                                                                                                                                                                                ;
+------------------------------+-------+---------------+----------------------------------+-----------------------------------+-----------------------------------+------------+----------+--------------+
; Type                         ; Slack ; Required Time ; Actual Time                      ; From                              ; To                                ; From Clock ; To Clock ; Failed Paths ;
+------------------------------+-------+---------------+----------------------------------+-----------------------------------+-----------------------------------+------------+----------+--------------+
; Worst-case tco               ; N/A   ; None          ; 14.500 ns                        ; BCD_CNT:inst|inst4                ; BCD_A                             ; CLK        ; --       ; 0            ;
; Clock Setup: 'CLK'           ; N/A   ; None          ; 76.92 MHz ( period = 13.000 ns ) ; CLK_GEN:inst1|CLK_1HZ_CNT_BFR[23] ; CLK_GEN:inst1|CLK_1HZ_CNT_BFR[23] ; CLK        ; CLK      ; 0            ;
; Total number of failed paths ;       ;               ;                                  ;                                   ;                                   ;            ;          ; 0            ;
+------------------------------+-------+---------------+----------------------------------+-----------------------------------+-----------------------------------+------------+----------+--------------+


+--------------------------------------------------------------------------------------------------------------------+
; Timing Analyzer Settings                                                                                           ;
+---------------------------------------------------------------------+--------------------+------+----+-------------+
; Option                                                              ; Setting            ; From ; To ; Entity Name ;
+---------------------------------------------------------------------+--------------------+------+----+-------------+
; Device Name                                                         ; EPM7128SLC84-7     ;      ;    ;             ;
; Timing Models                                                       ; Final              ;      ;    ;             ;
; Default hold multicycle                                             ; Same as Multicycle ;      ;    ;             ;
; Cut paths between unrelated clock domains                           ; On                 ;      ;    ;             ;
; Cut off read during write signal paths                              ; On                 ;      ;    ;             ;
; Cut off feedback from I/O pins                                      ; On                 ;      ;    ;             ;
; Report Combined Fast/Slow Timing                                    ; Off                ;      ;    ;             ;
; Ignore Clock Settings                                               ; Off                ;      ;    ;             ;
; Analyze latches as synchronous elements                             ; On                 ;      ;    ;             ;
; Enable Recovery/Removal analysis                                    ; Off                ;      ;    ;             ;
; Enable Clock Latency                                                ; Off                ;      ;    ;             ;
; Use TimeQuest Timing Analyzer                                       ; Off                ;      ;    ;             ;
; Minimum Core Junction Temperature                                   ; 0                  ;      ;    ;             ;
; Maximum Core Junction Temperature                                   ; 85                 ;      ;    ;             ;
; Number of source nodes to report per destination node               ; 10                 ;      ;    ;             ;
; Number of destination nodes to report                               ; 10                 ;      ;    ;             ;
; Number of paths to report                                           ; 200                ;      ;    ;             ;
; Report Minimum Timing Checks                                        ; Off                ;      ;    ;             ;
; Use Fast Timing Models                                              ; Off                ;      ;    ;             ;
; Report IO Paths Separately                                          ; Off                ;      ;    ;             ;
; Perform Multicorner Analysis                                        ; Off                ;      ;    ;             ;
; Reports the worst-case path for each clock domain and analysis      ; Off                ;      ;    ;             ;
; Removes common clock path pessimism (CCPP) during slack computation ; Off                ;      ;    ;             ;
; Output I/O Timing Endpoint                                          ; Near End           ;      ;    ;             ;
+---------------------------------------------------------------------+--------------------+------+----+-------------+


+------------------------------------------------------------------------------------------------------------------------------------------------------------------------------------+
; Clock Settings Summary                                                                                                                                                             ;
+-----------------+--------------------+----------+------------------+---------------+--------------+----------+-----------------------+---------------------+--------+--------------+
; Clock Node Name ; Clock Setting Name ; Type     ; Fmax Requirement ; Early Latency ; Late Latency ; Based on ; Multiply Base Fmax by ; Divide Base Fmax by ; Offset ; Phase offset ;
+-----------------+--------------------+----------+------------------+---------------+--------------+----------+-----------------------+---------------------+--------+--------------+
; CLK             ;                    ; User Pin ; None             ; 0.000 ns      ; 0.000 ns     ; --       ; N/A                   ; N/A                 ; N/A    ;              ;
+-----------------+--------------------+----------+------------------+---------------+--------------+----------+-----------------------+---------------------+--------+--------------+


+------------------------------------------+
; Parallel Compilation                     ;
+----------------------------+-------------+
; Processors                 ; Number      ;
+----------------------------+-------------+
; Number detected on machine ; 4           ;
; Maximum allowed            ; 4           ;
;                            ;             ;
; Average used               ; 1.00        ;
; Maximum used               ; 1           ;
;                            ;             ;
; Usage by Processor         ; % Time Used ;
;     1 processor            ; 100.0%      ;
;     2-4 processors         ;   0.0%      ;
+----------------------------+-------------+


+-----------------------------------------------------------------------------------------------------------------------------------------------------------------------------------------------------------------------------------------------------------------------------------+
; Clock Setup: 'CLK'                                                                                                                                                                                                                                                                ;
+-----------------------------------------+-----------------------------------------------------+-----------------------------------+-----------------------------------+------------+----------+-----------------------------+---------------------------+-------------------------+
; Slack                                   ; Actual fmax (period)                                ; From                              ; To                                ; From Clock ; To Clock ; Required Setup Relationship ; Required Longest P2P Time ; Actual Longest P2P Time ;
+-----------------------------------------+-----------------------------------------------------+-----------------------------------+-----------------------------------+------------+----------+-----------------------------+---------------------------+-------------------------+
; N/A                                     ; 76.92 MHz ( period = 13.000 ns )                    ; CLK_GEN:inst1|CLK_1HZ_CNT_BFR[0]  ; CLK_GEN:inst1|CLK_1HZ_CNT_BFR[22] ; CLK        ; CLK      ; None                        ; None                      ; 9.000 ns                ;
; N/A                                     ; 76.92 MHz ( period = 13.000 ns )                    ; CLK_GEN:inst1|CLK_1HZ_CNT_BFR[10] ; CLK_GEN:inst1|CLK_1HZ_CNT_BFR[22] ; CLK        ; CLK      ; None                        ; None                      ; 9.000 ns                ;
; N/A                                     ; 76.92 MHz ( period = 13.000 ns )                    ; CLK_GEN:inst1|CLK_1HZ_CNT_BFR[9]  ; CLK_GEN:inst1|CLK_1HZ_CNT_BFR[22] ; CLK        ; CLK      ; None                        ; None                      ; 9.000 ns                ;
; N/A                                     ; 76.92 MHz ( period = 13.000 ns )                    ; CLK_GEN:inst1|CLK_1HZ_CNT_BFR[8]  ; CLK_GEN:inst1|CLK_1HZ_CNT_BFR[22] ; CLK        ; CLK      ; None                        ; None                      ; 9.000 ns                ;
; N/A                                     ; 76.92 MHz ( period = 13.000 ns )                    ; CLK_GEN:inst1|CLK_1HZ_CNT_BFR[11] ; CLK_GEN:inst1|CLK_1HZ_CNT_BFR[22] ; CLK        ; CLK      ; None                        ; None                      ; 9.000 ns                ;
; N/A                                     ; 76.92 MHz ( period = 13.000 ns )                    ; CLK_GEN:inst1|CLK_1HZ_CNT_BFR[7]  ; CLK_GEN:inst1|CLK_1HZ_CNT_BFR[22] ; CLK        ; CLK      ; None                        ; None                      ; 9.000 ns                ;
; N/A                                     ; 76.92 MHz ( period = 13.000 ns )                    ; CLK_GEN:inst1|CLK_1HZ_CNT_BFR[12] ; CLK_GEN:inst1|CLK_1HZ_CNT_BFR[22] ; CLK        ; CLK      ; None                        ; None                      ; 9.000 ns                ;
; N/A                                     ; 76.92 MHz ( period = 13.000 ns )                    ; CLK_GEN:inst1|CLK_1HZ_CNT_BFR[13] ; CLK_GEN:inst1|CLK_1HZ_CNT_BFR[22] ; CLK        ; CLK      ; None                        ; None                      ; 9.000 ns                ;
; N/A                                     ; 76.92 MHz ( period = 13.000 ns )                    ; CLK_GEN:inst1|CLK_1HZ_CNT_BFR[6]  ; CLK_GEN:inst1|CLK_1HZ_CNT_BFR[22] ; CLK        ; CLK      ; None                        ; None                      ; 9.000 ns                ;
; N/A                                     ; 76.92 MHz ( period = 13.000 ns )                    ; CLK_GEN:inst1|CLK_1HZ_CNT_BFR[14] ; CLK_GEN:inst1|CLK_1HZ_CNT_BFR[22] ; CLK        ; CLK      ; None                        ; None                      ; 9.000 ns                ;
; N/A                                     ; 76.92 MHz ( period = 13.000 ns )                    ; CLK_GEN:inst1|CLK_1HZ_CNT_BFR[5]  ; CLK_GEN:inst1|CLK_1HZ_CNT_BFR[22] ; CLK        ; CLK      ; None                        ; None                      ; 9.000 ns                ;
; N/A                                     ; 76.92 MHz ( period = 13.000 ns )                    ; CLK_GEN:inst1|CLK_1HZ_CNT_BFR[15] ; CLK_GEN:inst1|CLK_1HZ_CNT_BFR[22] ; CLK        ; CLK      ; None                        ; None                      ; 9.000 ns                ;
; N/A                                     ; 76.92 MHz ( period = 13.000 ns )                    ; CLK_GEN:inst1|CLK_1HZ_CNT_BFR[4]  ; CLK_GEN:inst1|CLK_1HZ_CNT_BFR[22] ; CLK        ; CLK      ; None                        ; None                      ; 9.000 ns                ;
; N/A                                     ; 76.92 MHz ( period = 13.000 ns )                    ; CLK_GEN:inst1|CLK_1HZ_CNT_BFR[3]  ; CLK_GEN:inst1|CLK_1HZ_CNT_BFR[22] ; CLK        ; CLK      ; None                        ; None                      ; 9.000 ns                ;
; N/A                                     ; 76.92 MHz ( period = 13.000 ns )                    ; CLK_GEN:inst1|CLK_1HZ_CNT_BFR[16] ; CLK_GEN:inst1|CLK_1HZ_CNT_BFR[22] ; CLK        ; CLK      ; None                        ; None                      ; 9.000 ns                ;
; N/A                                     ; 76.92 MHz ( period = 13.000 ns )                    ; CLK_GEN:inst1|CLK_1HZ_CNT_BFR[2]  ; CLK_GEN:inst1|CLK_1HZ_CNT_BFR[22] ; CLK        ; CLK      ; None                        ; None                      ; 9.000 ns                ;
; N/A                                     ; 76.92 MHz ( period = 13.000 ns )                    ; CLK_GEN:inst1|CLK_1HZ_CNT_BFR[17] ; CLK_GEN:inst1|CLK_1HZ_CNT_BFR[22] ; CLK        ; CLK      ; None                        ; None                      ; 9.000 ns                ;
; N/A                                     ; 76.92 MHz ( period = 13.000 ns )                    ; CLK_GEN:inst1|CLK_1HZ_CNT_BFR[1]  ; CLK_GEN:inst1|CLK_1HZ_CNT_BFR[22] ; CLK        ; CLK      ; None                        ; None                      ; 9.000 ns                ;
; N/A                                     ; 76.92 MHz ( period = 13.000 ns )                    ; CLK_GEN:inst1|CLK_1HZ_CNT_BFR[18] ; CLK_GEN:inst1|CLK_1HZ_CNT_BFR[22] ; CLK        ; CLK      ; None                        ; None                      ; 9.000 ns                ;
; N/A                                     ; 76.92 MHz ( period = 13.000 ns )                    ; CLK_GEN:inst1|CLK_1HZ_CNT_BFR[19] ; CLK_GEN:inst1|CLK_1HZ_CNT_BFR[22] ; CLK        ; CLK      ; None                        ; None                      ; 9.000 ns                ;
; N/A                                     ; 76.92 MHz ( period = 13.000 ns )                    ; CLK_GEN:inst1|CLK_1HZ_CNT_BFR[20] ; CLK_GEN:inst1|CLK_1HZ_CNT_BFR[22] ; CLK        ; CLK      ; None                        ; None                      ; 9.000 ns                ;
; N/A                                     ; 76.92 MHz ( period = 13.000 ns )                    ; CLK_GEN:inst1|CLK_1HZ_CNT_BFR[21] ; CLK_GEN:inst1|CLK_1HZ_CNT_BFR[22] ; CLK        ; CLK      ; None                        ; None                      ; 9.000 ns                ;
; N/A                                     ; 76.92 MHz ( period = 13.000 ns )                    ; CLK_GEN:inst1|CLK_1HZ_CNT_BFR[22] ; CLK_GEN:inst1|CLK_1HZ_CNT_BFR[22] ; CLK        ; CLK      ; None                        ; None                      ; 9.000 ns                ;
; N/A                                     ; 76.92 MHz ( period = 13.000 ns )                    ; CLK_GEN:inst1|CLK_1HZ_CNT_BFR[0]  ; CLK_GEN:inst1|CLK_1HZ_CNT_BFR[23] ; CLK        ; CLK      ; None                        ; None                      ; 9.000 ns                ;
; N/A                                     ; 76.92 MHz ( period = 13.000 ns )                    ; CLK_GEN:inst1|CLK_1HZ_CNT_BFR[10] ; CLK_GEN:inst1|CLK_1HZ_CNT_BFR[23] ; CLK        ; CLK      ; None                        ; None                      ; 9.000 ns                ;
; N/A                                     ; 76.92 MHz ( period = 13.000 ns )                    ; CLK_GEN:inst1|CLK_1HZ_CNT_BFR[9]  ; CLK_GEN:inst1|CLK_1HZ_CNT_BFR[23] ; CLK        ; CLK      ; None                        ; None                      ; 9.000 ns                ;
; N/A                                     ; 76.92 MHz ( period = 13.000 ns )                    ; CLK_GEN:inst1|CLK_1HZ_CNT_BFR[8]  ; CLK_GEN:inst1|CLK_1HZ_CNT_BFR[23] ; CLK        ; CLK      ; None                        ; None                      ; 9.000 ns                ;
; N/A                                     ; 76.92 MHz ( period = 13.000 ns )                    ; CLK_GEN:inst1|CLK_1HZ_CNT_BFR[11] ; CLK_GEN:inst1|CLK_1HZ_CNT_BFR[23] ; CLK        ; CLK      ; None                        ; None                      ; 9.000 ns                ;
; N/A                                     ; 76.92 MHz ( period = 13.000 ns )                    ; CLK_GEN:inst1|CLK_1HZ_CNT_BFR[7]  ; CLK_GEN:inst1|CLK_1HZ_CNT_BFR[23] ; CLK        ; CLK      ; None                        ; None                      ; 9.000 ns                ;
; N/A                                     ; 76.92 MHz ( period = 13.000 ns )                    ; CLK_GEN:inst1|CLK_1HZ_CNT_BFR[12] ; CLK_GEN:inst1|CLK_1HZ_CNT_BFR[23] ; CLK        ; CLK      ; None                        ; None                      ; 9.000 ns                ;
; N/A                                     ; 76.92 MHz ( period = 13.000 ns )                    ; CLK_GEN:inst1|CLK_1HZ_CNT_BFR[13] ; CLK_GEN:inst1|CLK_1HZ_CNT_BFR[23] ; CLK        ; CLK      ; None                        ; None                      ; 9.000 ns                ;
; N/A                                     ; 76.92 MHz ( period = 13.000 ns )                    ; CLK_GEN:inst1|CLK_1HZ_CNT_BFR[6]  ; CLK_GEN:inst1|CLK_1HZ_CNT_BFR[23] ; CLK        ; CLK      ; None                        ; None                      ; 9.000 ns                ;
; N/A                                     ; 76.92 MHz ( period = 13.000 ns )                    ; CLK_GEN:inst1|CLK_1HZ_CNT_BFR[14] ; CLK_GEN:inst1|CLK_1HZ_CNT_BFR[23] ; CLK        ; CLK      ; None                        ; None                      ; 9.000 ns                ;
; N/A                                     ; 76.92 MHz ( period = 13.000 ns )                    ; CLK_GEN:inst1|CLK_1HZ_CNT_BFR[5]  ; CLK_GEN:inst1|CLK_1HZ_CNT_BFR[23] ; CLK        ; CLK      ; None                        ; None                      ; 9.000 ns                ;
; N/A                                     ; 76.92 MHz ( period = 13.000 ns )                    ; CLK_GEN:inst1|CLK_1HZ_CNT_BFR[15] ; CLK_GEN:inst1|CLK_1HZ_CNT_BFR[23] ; CLK        ; CLK      ; None                        ; None                      ; 9.000 ns                ;
; N/A                                     ; 76.92 MHz ( period = 13.000 ns )                    ; CLK_GEN:inst1|CLK_1HZ_CNT_BFR[4]  ; CLK_GEN:inst1|CLK_1HZ_CNT_BFR[23] ; CLK        ; CLK      ; None                        ; None                      ; 9.000 ns                ;
; N/A                                     ; 76.92 MHz ( period = 13.000 ns )                    ; CLK_GEN:inst1|CLK_1HZ_CNT_BFR[3]  ; CLK_GEN:inst1|CLK_1HZ_CNT_BFR[23] ; CLK        ; CLK      ; None                        ; None                      ; 9.000 ns                ;
; N/A                                     ; 76.92 MHz ( period = 13.000 ns )                    ; CLK_GEN:inst1|CLK_1HZ_CNT_BFR[16] ; CLK_GEN:inst1|CLK_1HZ_CNT_BFR[23] ; CLK        ; CLK      ; None                        ; None                      ; 9.000 ns                ;
; N/A                                     ; 76.92 MHz ( period = 13.000 ns )                    ; CLK_GEN:inst1|CLK_1HZ_CNT_BFR[2]  ; CLK_GEN:inst1|CLK_1HZ_CNT_BFR[23] ; CLK        ; CLK      ; None                        ; None                      ; 9.000 ns                ;
; N/A                                     ; 76.92 MHz ( period = 13.000 ns )                    ; CLK_GEN:inst1|CLK_1HZ_CNT_BFR[17] ; CLK_GEN:inst1|CLK_1HZ_CNT_BFR[23] ; CLK        ; CLK      ; None                        ; None                      ; 9.000 ns                ;
; N/A                                     ; 76.92 MHz ( period = 13.000 ns )                    ; CLK_GEN:inst1|CLK_1HZ_CNT_BFR[1]  ; CLK_GEN:inst1|CLK_1HZ_CNT_BFR[23] ; CLK        ; CLK      ; None                        ; None                      ; 9.000 ns                ;
; N/A                                     ; 76.92 MHz ( period = 13.000 ns )                    ; CLK_GEN:inst1|CLK_1HZ_CNT_BFR[18] ; CLK_GEN:inst1|CLK_1HZ_CNT_BFR[23] ; CLK        ; CLK      ; None                        ; None                      ; 9.000 ns                ;
; N/A                                     ; 76.92 MHz ( period = 13.000 ns )                    ; CLK_GEN:inst1|CLK_1HZ_CNT_BFR[19] ; CLK_GEN:inst1|CLK_1HZ_CNT_BFR[23] ; CLK        ; CLK      ; None                        ; None                      ; 9.000 ns                ;
; N/A                                     ; 76.92 MHz ( period = 13.000 ns )                    ; CLK_GEN:inst1|CLK_1HZ_CNT_BFR[20] ; CLK_GEN:inst1|CLK_1HZ_CNT_BFR[23] ; CLK        ; CLK      ; None                        ; None                      ; 9.000 ns                ;
; N/A                                     ; 76.92 MHz ( period = 13.000 ns )                    ; CLK_GEN:inst1|CLK_1HZ_CNT_BFR[21] ; CLK_GEN:inst1|CLK_1HZ_CNT_BFR[23] ; CLK        ; CLK      ; None                        ; None                      ; 9.000 ns                ;
; N/A                                     ; 76.92 MHz ( period = 13.000 ns )                    ; CLK_GEN:inst1|CLK_1HZ_CNT_BFR[22] ; CLK_GEN:inst1|CLK_1HZ_CNT_BFR[23] ; CLK        ; CLK      ; None                        ; None                      ; 9.000 ns                ;
; N/A                                     ; 76.92 MHz ( period = 13.000 ns )                    ; CLK_GEN:inst1|CLK_1HZ_CNT_BFR[23] ; CLK_GEN:inst1|CLK_1HZ_CNT_BFR[23] ; CLK        ; CLK      ; None                        ; None                      ; 9.000 ns                ;
; N/A                                     ; 125.00 MHz ( period = 8.000 ns )                    ; CLK_GEN:inst1|CLK_1HZ_CNT_BFR[3]  ; CLK_GEN:inst1|CLK_1HZ_CNT_BFR[2]  ; CLK        ; CLK      ; None                        ; None                      ; 4.000 ns                ;
; N/A                                     ; 125.00 MHz ( period = 8.000 ns )                    ; CLK_GEN:inst1|CLK_1HZ_CNT_BFR[16] ; CLK_GEN:inst1|CLK_1HZ_CNT_BFR[2]  ; CLK        ; CLK      ; None                        ; None                      ; 4.000 ns                ;
; N/A                                     ; 125.00 MHz ( period = 8.000 ns )                    ; CLK_GEN:inst1|CLK_1HZ_CNT_BFR[2]  ; CLK_GEN:inst1|CLK_1HZ_CNT_BFR[2]  ; CLK        ; CLK      ; None                        ; None                      ; 4.000 ns                ;
; N/A                                     ; 125.00 MHz ( period = 8.000 ns )                    ; CLK_GEN:inst1|CLK_1HZ_CNT_BFR[17] ; CLK_GEN:inst1|CLK_1HZ_CNT_BFR[2]  ; CLK        ; CLK      ; None                        ; None                      ; 4.000 ns                ;
; N/A                                     ; 125.00 MHz ( period = 8.000 ns )                    ; CLK_GEN:inst1|CLK_1HZ_CNT_BFR[1]  ; CLK_GEN:inst1|CLK_1HZ_CNT_BFR[2]  ; CLK        ; CLK      ; None                        ; None                      ; 4.000 ns                ;
; N/A                                     ; 125.00 MHz ( period = 8.000 ns )                    ; CLK_GEN:inst1|CLK_1HZ_CNT_BFR[18] ; CLK_GEN:inst1|CLK_1HZ_CNT_BFR[2]  ; CLK        ; CLK      ; None                        ; None                      ; 4.000 ns                ;
; N/A                                     ; 125.00 MHz ( period = 8.000 ns )                    ; CLK_GEN:inst1|CLK_1HZ_CNT_BFR[19] ; CLK_GEN:inst1|CLK_1HZ_CNT_BFR[2]  ; CLK        ; CLK      ; None                        ; None                      ; 4.000 ns                ;
; N/A                                     ; 125.00 MHz ( period = 8.000 ns )                    ; CLK_GEN:inst1|CLK_1HZ_CNT_BFR[20] ; CLK_GEN:inst1|CLK_1HZ_CNT_BFR[2]  ; CLK        ; CLK      ; None                        ; None                      ; 4.000 ns                ;
; N/A                                     ; 125.00 MHz ( period = 8.000 ns )                    ; CLK_GEN:inst1|CLK_1HZ_CNT_BFR[21] ; CLK_GEN:inst1|CLK_1HZ_CNT_BFR[2]  ; CLK        ; CLK      ; None                        ; None                      ; 4.000 ns                ;
; N/A                                     ; 125.00 MHz ( period = 8.000 ns )                    ; CLK_GEN:inst1|CLK_1HZ_CNT_BFR[22] ; CLK_GEN:inst1|CLK_1HZ_CNT_BFR[2]  ; CLK        ; CLK      ; None                        ; None                      ; 4.000 ns                ;
; N/A                                     ; 125.00 MHz ( period = 8.000 ns )                    ; CLK_GEN:inst1|CLK_1HZ_CNT_BFR[23] ; CLK_GEN:inst1|CLK_1HZ_CNT_BFR[2]  ; CLK        ; CLK      ; None                        ; None                      ; 4.000 ns                ;
; N/A                                     ; 125.00 MHz ( period = 8.000 ns )                    ; CLK_GEN:inst1|CLK_1HZ_CNT_BFR[0]  ; CLK_GEN:inst1|CLK_1HZ_CNT_BFR[17] ; CLK        ; CLK      ; None                        ; None                      ; 4.000 ns                ;
; N/A                                     ; 125.00 MHz ( period = 8.000 ns )                    ; CLK_GEN:inst1|CLK_1HZ_CNT_BFR[10] ; CLK_GEN:inst1|CLK_1HZ_CNT_BFR[17] ; CLK        ; CLK      ; None                        ; None                      ; 4.000 ns                ;
; N/A                                     ; 125.00 MHz ( period = 8.000 ns )                    ; CLK_GEN:inst1|CLK_1HZ_CNT_BFR[9]  ; CLK_GEN:inst1|CLK_1HZ_CNT_BFR[17] ; CLK        ; CLK      ; None                        ; None                      ; 4.000 ns                ;
; N/A                                     ; 125.00 MHz ( period = 8.000 ns )                    ; CLK_GEN:inst1|CLK_1HZ_CNT_BFR[8]  ; CLK_GEN:inst1|CLK_1HZ_CNT_BFR[17] ; CLK        ; CLK      ; None                        ; None                      ; 4.000 ns                ;
; N/A                                     ; 125.00 MHz ( period = 8.000 ns )                    ; CLK_GEN:inst1|CLK_1HZ_CNT_BFR[11] ; CLK_GEN:inst1|CLK_1HZ_CNT_BFR[17] ; CLK        ; CLK      ; None                        ; None                      ; 4.000 ns                ;
; N/A                                     ; 125.00 MHz ( period = 8.000 ns )                    ; CLK_GEN:inst1|CLK_1HZ_CNT_BFR[7]  ; CLK_GEN:inst1|CLK_1HZ_CNT_BFR[17] ; CLK        ; CLK      ; None                        ; None                      ; 4.000 ns                ;
; N/A                                     ; 125.00 MHz ( period = 8.000 ns )                    ; CLK_GEN:inst1|CLK_1HZ_CNT_BFR[12] ; CLK_GEN:inst1|CLK_1HZ_CNT_BFR[17] ; CLK        ; CLK      ; None                        ; None                      ; 4.000 ns                ;
; N/A                                     ; 125.00 MHz ( period = 8.000 ns )                    ; CLK_GEN:inst1|CLK_1HZ_CNT_BFR[13] ; CLK_GEN:inst1|CLK_1HZ_CNT_BFR[17] ; CLK        ; CLK      ; None                        ; None                      ; 4.000 ns                ;
; N/A                                     ; 125.00 MHz ( period = 8.000 ns )                    ; CLK_GEN:inst1|CLK_1HZ_CNT_BFR[6]  ; CLK_GEN:inst1|CLK_1HZ_CNT_BFR[17] ; CLK        ; CLK      ; None                        ; None                      ; 4.000 ns                ;
; N/A                                     ; 125.00 MHz ( period = 8.000 ns )                    ; CLK_GEN:inst1|CLK_1HZ_CNT_BFR[14] ; CLK_GEN:inst1|CLK_1HZ_CNT_BFR[17] ; CLK        ; CLK      ; None                        ; None                      ; 4.000 ns                ;
; N/A                                     ; 125.00 MHz ( period = 8.000 ns )                    ; CLK_GEN:inst1|CLK_1HZ_CNT_BFR[5]  ; CLK_GEN:inst1|CLK_1HZ_CNT_BFR[17] ; CLK        ; CLK      ; None                        ; None                      ; 4.000 ns                ;
; N/A                                     ; 125.00 MHz ( period = 8.000 ns )                    ; CLK_GEN:inst1|CLK_1HZ_CNT_BFR[15] ; CLK_GEN:inst1|CLK_1HZ_CNT_BFR[17] ; CLK        ; CLK      ; None                        ; None                      ; 4.000 ns                ;
; N/A                                     ; 125.00 MHz ( period = 8.000 ns )                    ; CLK_GEN:inst1|CLK_1HZ_CNT_BFR[4]  ; CLK_GEN:inst1|CLK_1HZ_CNT_BFR[17] ; CLK        ; CLK      ; None                        ; None                      ; 4.000 ns                ;
; N/A                                     ; 125.00 MHz ( period = 8.000 ns )                    ; CLK_GEN:inst1|CLK_1HZ_CNT_BFR[3]  ; CLK_GEN:inst1|CLK_1HZ_CNT_BFR[17] ; CLK        ; CLK      ; None                        ; None                      ; 4.000 ns                ;
; N/A                                     ; 125.00 MHz ( period = 8.000 ns )                    ; CLK_GEN:inst1|CLK_1HZ_CNT_BFR[16] ; CLK_GEN:inst1|CLK_1HZ_CNT_BFR[17] ; CLK        ; CLK      ; None                        ; None                      ; 4.000 ns                ;
; N/A                                     ; 125.00 MHz ( period = 8.000 ns )                    ; CLK_GEN:inst1|CLK_1HZ_CNT_BFR[2]  ; CLK_GEN:inst1|CLK_1HZ_CNT_BFR[17] ; CLK        ; CLK      ; None                        ; None                      ; 4.000 ns                ;
; N/A                                     ; 125.00 MHz ( period = 8.000 ns )                    ; CLK_GEN:inst1|CLK_1HZ_CNT_BFR[17] ; CLK_GEN:inst1|CLK_1HZ_CNT_BFR[17] ; CLK        ; CLK      ; None                        ; None                      ; 4.000 ns                ;
; N/A                                     ; 125.00 MHz ( period = 8.000 ns )                    ; CLK_GEN:inst1|CLK_1HZ_CNT_BFR[1]  ; CLK_GEN:inst1|CLK_1HZ_CNT_BFR[17] ; CLK        ; CLK      ; None                        ; None                      ; 4.000 ns                ;
; N/A                                     ; 125.00 MHz ( period = 8.000 ns )                    ; CLK_GEN:inst1|CLK_1HZ_CNT_BFR[0]  ; CLK_GEN:inst1|CLK_1HZ_CNT_BFR[1]  ; CLK        ; CLK      ; None                        ; None                      ; 4.000 ns                ;
; N/A                                     ; 125.00 MHz ( period = 8.000 ns )                    ; CLK_GEN:inst1|CLK_1HZ_CNT_BFR[1]  ; CLK_GEN:inst1|CLK_1HZ_CNT_BFR[1]  ; CLK        ; CLK      ; None                        ; None                      ; 4.000 ns                ;
; N/A                                     ; 125.00 MHz ( period = 8.000 ns )                    ; CLK_GEN:inst1|CLK_1HZ_CNT_BFR[0]  ; CLK_GEN:inst1|CLK_1HZ_CNT_BFR[18] ; CLK        ; CLK      ; None                        ; None                      ; 4.000 ns                ;
; N/A                                     ; 125.00 MHz ( period = 8.000 ns )                    ; CLK_GEN:inst1|CLK_1HZ_CNT_BFR[10] ; CLK_GEN:inst1|CLK_1HZ_CNT_BFR[18] ; CLK        ; CLK      ; None                        ; None                      ; 4.000 ns                ;
; N/A                                     ; 125.00 MHz ( period = 8.000 ns )                    ; CLK_GEN:inst1|CLK_1HZ_CNT_BFR[9]  ; CLK_GEN:inst1|CLK_1HZ_CNT_BFR[18] ; CLK        ; CLK      ; None                        ; None                      ; 4.000 ns                ;
; N/A                                     ; 125.00 MHz ( period = 8.000 ns )                    ; CLK_GEN:inst1|CLK_1HZ_CNT_BFR[8]  ; CLK_GEN:inst1|CLK_1HZ_CNT_BFR[18] ; CLK        ; CLK      ; None                        ; None                      ; 4.000 ns                ;
; N/A                                     ; 125.00 MHz ( period = 8.000 ns )                    ; CLK_GEN:inst1|CLK_1HZ_CNT_BFR[11] ; CLK_GEN:inst1|CLK_1HZ_CNT_BFR[18] ; CLK        ; CLK      ; None                        ; None                      ; 4.000 ns                ;
; N/A                                     ; 125.00 MHz ( period = 8.000 ns )                    ; CLK_GEN:inst1|CLK_1HZ_CNT_BFR[7]  ; CLK_GEN:inst1|CLK_1HZ_CNT_BFR[18] ; CLK        ; CLK      ; None                        ; None                      ; 4.000 ns                ;
; N/A                                     ; 125.00 MHz ( period = 8.000 ns )                    ; CLK_GEN:inst1|CLK_1HZ_CNT_BFR[12] ; CLK_GEN:inst1|CLK_1HZ_CNT_BFR[18] ; CLK        ; CLK      ; None                        ; None                      ; 4.000 ns                ;
; N/A                                     ; 125.00 MHz ( period = 8.000 ns )                    ; CLK_GEN:inst1|CLK_1HZ_CNT_BFR[13] ; CLK_GEN:inst1|CLK_1HZ_CNT_BFR[18] ; CLK        ; CLK      ; None                        ; None                      ; 4.000 ns                ;
; N/A                                     ; 125.00 MHz ( period = 8.000 ns )                    ; CLK_GEN:inst1|CLK_1HZ_CNT_BFR[6]  ; CLK_GEN:inst1|CLK_1HZ_CNT_BFR[18] ; CLK        ; CLK      ; None                        ; None                      ; 4.000 ns                ;
; N/A                                     ; 125.00 MHz ( period = 8.000 ns )                    ; CLK_GEN:inst1|CLK_1HZ_CNT_BFR[14] ; CLK_GEN:inst1|CLK_1HZ_CNT_BFR[18] ; CLK        ; CLK      ; None                        ; None                      ; 4.000 ns                ;
; N/A                                     ; 125.00 MHz ( period = 8.000 ns )                    ; CLK_GEN:inst1|CLK_1HZ_CNT_BFR[5]  ; CLK_GEN:inst1|CLK_1HZ_CNT_BFR[18] ; CLK        ; CLK      ; None                        ; None                      ; 4.000 ns                ;
; N/A                                     ; 125.00 MHz ( period = 8.000 ns )                    ; CLK_GEN:inst1|CLK_1HZ_CNT_BFR[15] ; CLK_GEN:inst1|CLK_1HZ_CNT_BFR[18] ; CLK        ; CLK      ; None                        ; None                      ; 4.000 ns                ;
; N/A                                     ; 125.00 MHz ( period = 8.000 ns )                    ; CLK_GEN:inst1|CLK_1HZ_CNT_BFR[4]  ; CLK_GEN:inst1|CLK_1HZ_CNT_BFR[18] ; CLK        ; CLK      ; None                        ; None                      ; 4.000 ns                ;
; N/A                                     ; 125.00 MHz ( period = 8.000 ns )                    ; CLK_GEN:inst1|CLK_1HZ_CNT_BFR[3]  ; CLK_GEN:inst1|CLK_1HZ_CNT_BFR[18] ; CLK        ; CLK      ; None                        ; None                      ; 4.000 ns                ;
; N/A                                     ; 125.00 MHz ( period = 8.000 ns )                    ; CLK_GEN:inst1|CLK_1HZ_CNT_BFR[16] ; CLK_GEN:inst1|CLK_1HZ_CNT_BFR[18] ; CLK        ; CLK      ; None                        ; None                      ; 4.000 ns                ;
; N/A                                     ; 125.00 MHz ( period = 8.000 ns )                    ; CLK_GEN:inst1|CLK_1HZ_CNT_BFR[2]  ; CLK_GEN:inst1|CLK_1HZ_CNT_BFR[18] ; CLK        ; CLK      ; None                        ; None                      ; 4.000 ns                ;
; N/A                                     ; 125.00 MHz ( period = 8.000 ns )                    ; CLK_GEN:inst1|CLK_1HZ_CNT_BFR[17] ; CLK_GEN:inst1|CLK_1HZ_CNT_BFR[18] ; CLK        ; CLK      ; None                        ; None                      ; 4.000 ns                ;
; N/A                                     ; 125.00 MHz ( period = 8.000 ns )                    ; CLK_GEN:inst1|CLK_1HZ_CNT_BFR[1]  ; CLK_GEN:inst1|CLK_1HZ_CNT_BFR[18] ; CLK        ; CLK      ; None                        ; None                      ; 4.000 ns                ;
; N/A                                     ; 125.00 MHz ( period = 8.000 ns )                    ; CLK_GEN:inst1|CLK_1HZ_CNT_BFR[18] ; CLK_GEN:inst1|CLK_1HZ_CNT_BFR[18] ; CLK        ; CLK      ; None                        ; None                      ; 4.000 ns                ;
; N/A                                     ; 125.00 MHz ( period = 8.000 ns )                    ; CLK_GEN:inst1|CLK_1HZ_CNT_BFR[0]  ; CLK_GEN:inst1|CLK_1HZ_CNT_BFR[19] ; CLK        ; CLK      ; None                        ; None                      ; 4.000 ns                ;
; N/A                                     ; 125.00 MHz ( period = 8.000 ns )                    ; CLK_GEN:inst1|CLK_1HZ_CNT_BFR[10] ; CLK_GEN:inst1|CLK_1HZ_CNT_BFR[19] ; CLK        ; CLK      ; None                        ; None                      ; 4.000 ns                ;
; N/A                                     ; 125.00 MHz ( period = 8.000 ns )                    ; CLK_GEN:inst1|CLK_1HZ_CNT_BFR[9]  ; CLK_GEN:inst1|CLK_1HZ_CNT_BFR[19] ; CLK        ; CLK      ; None                        ; None                      ; 4.000 ns                ;
; N/A                                     ; 125.00 MHz ( period = 8.000 ns )                    ; CLK_GEN:inst1|CLK_1HZ_CNT_BFR[8]  ; CLK_GEN:inst1|CLK_1HZ_CNT_BFR[19] ; CLK        ; CLK      ; None                        ; None                      ; 4.000 ns                ;
; N/A                                     ; 125.00 MHz ( period = 8.000 ns )                    ; CLK_GEN:inst1|CLK_1HZ_CNT_BFR[11] ; CLK_GEN:inst1|CLK_1HZ_CNT_BFR[19] ; CLK        ; CLK      ; None                        ; None                      ; 4.000 ns                ;
; N/A                                     ; 125.00 MHz ( period = 8.000 ns )                    ; CLK_GEN:inst1|CLK_1HZ_CNT_BFR[7]  ; CLK_GEN:inst1|CLK_1HZ_CNT_BFR[19] ; CLK        ; CLK      ; None                        ; None                      ; 4.000 ns                ;
; N/A                                     ; 125.00 MHz ( period = 8.000 ns )                    ; CLK_GEN:inst1|CLK_1HZ_CNT_BFR[12] ; CLK_GEN:inst1|CLK_1HZ_CNT_BFR[19] ; CLK        ; CLK      ; None                        ; None                      ; 4.000 ns                ;
; N/A                                     ; 125.00 MHz ( period = 8.000 ns )                    ; CLK_GEN:inst1|CLK_1HZ_CNT_BFR[13] ; CLK_GEN:inst1|CLK_1HZ_CNT_BFR[19] ; CLK        ; CLK      ; None                        ; None                      ; 4.000 ns                ;
; N/A                                     ; 125.00 MHz ( period = 8.000 ns )                    ; CLK_GEN:inst1|CLK_1HZ_CNT_BFR[6]  ; CLK_GEN:inst1|CLK_1HZ_CNT_BFR[19] ; CLK        ; CLK      ; None                        ; None                      ; 4.000 ns                ;
; N/A                                     ; 125.00 MHz ( period = 8.000 ns )                    ; CLK_GEN:inst1|CLK_1HZ_CNT_BFR[14] ; CLK_GEN:inst1|CLK_1HZ_CNT_BFR[19] ; CLK        ; CLK      ; None                        ; None                      ; 4.000 ns                ;
; N/A                                     ; 125.00 MHz ( period = 8.000 ns )                    ; CLK_GEN:inst1|CLK_1HZ_CNT_BFR[5]  ; CLK_GEN:inst1|CLK_1HZ_CNT_BFR[19] ; CLK        ; CLK      ; None                        ; None                      ; 4.000 ns                ;
; N/A                                     ; 125.00 MHz ( period = 8.000 ns )                    ; CLK_GEN:inst1|CLK_1HZ_CNT_BFR[15] ; CLK_GEN:inst1|CLK_1HZ_CNT_BFR[19] ; CLK        ; CLK      ; None                        ; None                      ; 4.000 ns                ;
; N/A                                     ; 125.00 MHz ( period = 8.000 ns )                    ; CLK_GEN:inst1|CLK_1HZ_CNT_BFR[4]  ; CLK_GEN:inst1|CLK_1HZ_CNT_BFR[19] ; CLK        ; CLK      ; None                        ; None                      ; 4.000 ns                ;
; N/A                                     ; 125.00 MHz ( period = 8.000 ns )                    ; CLK_GEN:inst1|CLK_1HZ_CNT_BFR[3]  ; CLK_GEN:inst1|CLK_1HZ_CNT_BFR[19] ; CLK        ; CLK      ; None                        ; None                      ; 4.000 ns                ;
; N/A                                     ; 125.00 MHz ( period = 8.000 ns )                    ; CLK_GEN:inst1|CLK_1HZ_CNT_BFR[16] ; CLK_GEN:inst1|CLK_1HZ_CNT_BFR[19] ; CLK        ; CLK      ; None                        ; None                      ; 4.000 ns                ;
; N/A                                     ; 125.00 MHz ( period = 8.000 ns )                    ; CLK_GEN:inst1|CLK_1HZ_CNT_BFR[2]  ; CLK_GEN:inst1|CLK_1HZ_CNT_BFR[19] ; CLK        ; CLK      ; None                        ; None                      ; 4.000 ns                ;
; N/A                                     ; 125.00 MHz ( period = 8.000 ns )                    ; CLK_GEN:inst1|CLK_1HZ_CNT_BFR[17] ; CLK_GEN:inst1|CLK_1HZ_CNT_BFR[19] ; CLK        ; CLK      ; None                        ; None                      ; 4.000 ns                ;
; N/A                                     ; 125.00 MHz ( period = 8.000 ns )                    ; CLK_GEN:inst1|CLK_1HZ_CNT_BFR[1]  ; CLK_GEN:inst1|CLK_1HZ_CNT_BFR[19] ; CLK        ; CLK      ; None                        ; None                      ; 4.000 ns                ;
; N/A                                     ; 125.00 MHz ( period = 8.000 ns )                    ; CLK_GEN:inst1|CLK_1HZ_CNT_BFR[18] ; CLK_GEN:inst1|CLK_1HZ_CNT_BFR[19] ; CLK        ; CLK      ; None                        ; None                      ; 4.000 ns                ;
; N/A                                     ; 125.00 MHz ( period = 8.000 ns )                    ; CLK_GEN:inst1|CLK_1HZ_CNT_BFR[19] ; CLK_GEN:inst1|CLK_1HZ_CNT_BFR[19] ; CLK        ; CLK      ; None                        ; None                      ; 4.000 ns                ;
; N/A                                     ; 125.00 MHz ( period = 8.000 ns )                    ; CLK_GEN:inst1|CLK_1HZ_CNT_BFR[0]  ; CLK_GEN:inst1|CLK_1HZ_CNT_BFR[20] ; CLK        ; CLK      ; None                        ; None                      ; 4.000 ns                ;
; N/A                                     ; 125.00 MHz ( period = 8.000 ns )                    ; CLK_GEN:inst1|CLK_1HZ_CNT_BFR[10] ; CLK_GEN:inst1|CLK_1HZ_CNT_BFR[20] ; CLK        ; CLK      ; None                        ; None                      ; 4.000 ns                ;
; N/A                                     ; 125.00 MHz ( period = 8.000 ns )                    ; CLK_GEN:inst1|CLK_1HZ_CNT_BFR[9]  ; CLK_GEN:inst1|CLK_1HZ_CNT_BFR[20] ; CLK        ; CLK      ; None                        ; None                      ; 4.000 ns                ;
; N/A                                     ; 125.00 MHz ( period = 8.000 ns )                    ; CLK_GEN:inst1|CLK_1HZ_CNT_BFR[8]  ; CLK_GEN:inst1|CLK_1HZ_CNT_BFR[20] ; CLK        ; CLK      ; None                        ; None                      ; 4.000 ns                ;
; N/A                                     ; 125.00 MHz ( period = 8.000 ns )                    ; CLK_GEN:inst1|CLK_1HZ_CNT_BFR[11] ; CLK_GEN:inst1|CLK_1HZ_CNT_BFR[20] ; CLK        ; CLK      ; None                        ; None                      ; 4.000 ns                ;
; N/A                                     ; 125.00 MHz ( period = 8.000 ns )                    ; CLK_GEN:inst1|CLK_1HZ_CNT_BFR[7]  ; CLK_GEN:inst1|CLK_1HZ_CNT_BFR[20] ; CLK        ; CLK      ; None                        ; None                      ; 4.000 ns                ;
; N/A                                     ; 125.00 MHz ( period = 8.000 ns )                    ; CLK_GEN:inst1|CLK_1HZ_CNT_BFR[12] ; CLK_GEN:inst1|CLK_1HZ_CNT_BFR[20] ; CLK        ; CLK      ; None                        ; None                      ; 4.000 ns                ;
; N/A                                     ; 125.00 MHz ( period = 8.000 ns )                    ; CLK_GEN:inst1|CLK_1HZ_CNT_BFR[13] ; CLK_GEN:inst1|CLK_1HZ_CNT_BFR[20] ; CLK        ; CLK      ; None                        ; None                      ; 4.000 ns                ;
; N/A                                     ; 125.00 MHz ( period = 8.000 ns )                    ; CLK_GEN:inst1|CLK_1HZ_CNT_BFR[6]  ; CLK_GEN:inst1|CLK_1HZ_CNT_BFR[20] ; CLK        ; CLK      ; None                        ; None                      ; 4.000 ns                ;
; N/A                                     ; 125.00 MHz ( period = 8.000 ns )                    ; CLK_GEN:inst1|CLK_1HZ_CNT_BFR[14] ; CLK_GEN:inst1|CLK_1HZ_CNT_BFR[20] ; CLK        ; CLK      ; None                        ; None                      ; 4.000 ns                ;
; N/A                                     ; 125.00 MHz ( period = 8.000 ns )                    ; CLK_GEN:inst1|CLK_1HZ_CNT_BFR[5]  ; CLK_GEN:inst1|CLK_1HZ_CNT_BFR[20] ; CLK        ; CLK      ; None                        ; None                      ; 4.000 ns                ;
; N/A                                     ; 125.00 MHz ( period = 8.000 ns )                    ; CLK_GEN:inst1|CLK_1HZ_CNT_BFR[15] ; CLK_GEN:inst1|CLK_1HZ_CNT_BFR[20] ; CLK        ; CLK      ; None                        ; None                      ; 4.000 ns                ;
; N/A                                     ; 125.00 MHz ( period = 8.000 ns )                    ; CLK_GEN:inst1|CLK_1HZ_CNT_BFR[4]  ; CLK_GEN:inst1|CLK_1HZ_CNT_BFR[20] ; CLK        ; CLK      ; None                        ; None                      ; 4.000 ns                ;
; N/A                                     ; 125.00 MHz ( period = 8.000 ns )                    ; CLK_GEN:inst1|CLK_1HZ_CNT_BFR[3]  ; CLK_GEN:inst1|CLK_1HZ_CNT_BFR[20] ; CLK        ; CLK      ; None                        ; None                      ; 4.000 ns                ;
; N/A                                     ; 125.00 MHz ( period = 8.000 ns )                    ; CLK_GEN:inst1|CLK_1HZ_CNT_BFR[16] ; CLK_GEN:inst1|CLK_1HZ_CNT_BFR[20] ; CLK        ; CLK      ; None                        ; None                      ; 4.000 ns                ;
; N/A                                     ; 125.00 MHz ( period = 8.000 ns )                    ; CLK_GEN:inst1|CLK_1HZ_CNT_BFR[2]  ; CLK_GEN:inst1|CLK_1HZ_CNT_BFR[20] ; CLK        ; CLK      ; None                        ; None                      ; 4.000 ns                ;
; N/A                                     ; 125.00 MHz ( period = 8.000 ns )                    ; CLK_GEN:inst1|CLK_1HZ_CNT_BFR[17] ; CLK_GEN:inst1|CLK_1HZ_CNT_BFR[20] ; CLK        ; CLK      ; None                        ; None                      ; 4.000 ns                ;
; N/A                                     ; 125.00 MHz ( period = 8.000 ns )                    ; CLK_GEN:inst1|CLK_1HZ_CNT_BFR[1]  ; CLK_GEN:inst1|CLK_1HZ_CNT_BFR[20] ; CLK        ; CLK      ; None                        ; None                      ; 4.000 ns                ;
; N/A                                     ; 125.00 MHz ( period = 8.000 ns )                    ; CLK_GEN:inst1|CLK_1HZ_CNT_BFR[18] ; CLK_GEN:inst1|CLK_1HZ_CNT_BFR[20] ; CLK        ; CLK      ; None                        ; None                      ; 4.000 ns                ;
; N/A                                     ; 125.00 MHz ( period = 8.000 ns )                    ; CLK_GEN:inst1|CLK_1HZ_CNT_BFR[19] ; CLK_GEN:inst1|CLK_1HZ_CNT_BFR[20] ; CLK        ; CLK      ; None                        ; None                      ; 4.000 ns                ;
; N/A                                     ; 125.00 MHz ( period = 8.000 ns )                    ; CLK_GEN:inst1|CLK_1HZ_CNT_BFR[20] ; CLK_GEN:inst1|CLK_1HZ_CNT_BFR[20] ; CLK        ; CLK      ; None                        ; None                      ; 4.000 ns                ;
; N/A                                     ; 125.00 MHz ( period = 8.000 ns )                    ; CLK_GEN:inst1|CLK_1HZ_CNT_BFR[0]  ; CLK_GEN:inst1|CLK_1HZ_CNT_BFR[21] ; CLK        ; CLK      ; None                        ; None                      ; 4.000 ns                ;
; N/A                                     ; 125.00 MHz ( period = 8.000 ns )                    ; CLK_GEN:inst1|CLK_1HZ_CNT_BFR[10] ; CLK_GEN:inst1|CLK_1HZ_CNT_BFR[21] ; CLK        ; CLK      ; None                        ; None                      ; 4.000 ns                ;
; N/A                                     ; 125.00 MHz ( period = 8.000 ns )                    ; CLK_GEN:inst1|CLK_1HZ_CNT_BFR[9]  ; CLK_GEN:inst1|CLK_1HZ_CNT_BFR[21] ; CLK        ; CLK      ; None                        ; None                      ; 4.000 ns                ;
; N/A                                     ; 125.00 MHz ( period = 8.000 ns )                    ; CLK_GEN:inst1|CLK_1HZ_CNT_BFR[8]  ; CLK_GEN:inst1|CLK_1HZ_CNT_BFR[21] ; CLK        ; CLK      ; None                        ; None                      ; 4.000 ns                ;
; N/A                                     ; 125.00 MHz ( period = 8.000 ns )                    ; CLK_GEN:inst1|CLK_1HZ_CNT_BFR[11] ; CLK_GEN:inst1|CLK_1HZ_CNT_BFR[21] ; CLK        ; CLK      ; None                        ; None                      ; 4.000 ns                ;
; N/A                                     ; 125.00 MHz ( period = 8.000 ns )                    ; CLK_GEN:inst1|CLK_1HZ_CNT_BFR[7]  ; CLK_GEN:inst1|CLK_1HZ_CNT_BFR[21] ; CLK        ; CLK      ; None                        ; None                      ; 4.000 ns                ;
; N/A                                     ; 125.00 MHz ( period = 8.000 ns )                    ; CLK_GEN:inst1|CLK_1HZ_CNT_BFR[12] ; CLK_GEN:inst1|CLK_1HZ_CNT_BFR[21] ; CLK        ; CLK      ; None                        ; None                      ; 4.000 ns                ;
; N/A                                     ; 125.00 MHz ( period = 8.000 ns )                    ; CLK_GEN:inst1|CLK_1HZ_CNT_BFR[13] ; CLK_GEN:inst1|CLK_1HZ_CNT_BFR[21] ; CLK        ; CLK      ; None                        ; None                      ; 4.000 ns                ;
; N/A                                     ; 125.00 MHz ( period = 8.000 ns )                    ; CLK_GEN:inst1|CLK_1HZ_CNT_BFR[6]  ; CLK_GEN:inst1|CLK_1HZ_CNT_BFR[21] ; CLK        ; CLK      ; None                        ; None                      ; 4.000 ns                ;
; N/A                                     ; 125.00 MHz ( period = 8.000 ns )                    ; CLK_GEN:inst1|CLK_1HZ_CNT_BFR[14] ; CLK_GEN:inst1|CLK_1HZ_CNT_BFR[21] ; CLK        ; CLK      ; None                        ; None                      ; 4.000 ns                ;
; N/A                                     ; 125.00 MHz ( period = 8.000 ns )                    ; CLK_GEN:inst1|CLK_1HZ_CNT_BFR[5]  ; CLK_GEN:inst1|CLK_1HZ_CNT_BFR[21] ; CLK        ; CLK      ; None                        ; None                      ; 4.000 ns                ;
; N/A                                     ; 125.00 MHz ( period = 8.000 ns )                    ; CLK_GEN:inst1|CLK_1HZ_CNT_BFR[15] ; CLK_GEN:inst1|CLK_1HZ_CNT_BFR[21] ; CLK        ; CLK      ; None                        ; None                      ; 4.000 ns                ;
; N/A                                     ; 125.00 MHz ( period = 8.000 ns )                    ; CLK_GEN:inst1|CLK_1HZ_CNT_BFR[4]  ; CLK_GEN:inst1|CLK_1HZ_CNT_BFR[21] ; CLK        ; CLK      ; None                        ; None                      ; 4.000 ns                ;
; N/A                                     ; 125.00 MHz ( period = 8.000 ns )                    ; CLK_GEN:inst1|CLK_1HZ_CNT_BFR[3]  ; CLK_GEN:inst1|CLK_1HZ_CNT_BFR[21] ; CLK        ; CLK      ; None                        ; None                      ; 4.000 ns                ;
; N/A                                     ; 125.00 MHz ( period = 8.000 ns )                    ; CLK_GEN:inst1|CLK_1HZ_CNT_BFR[16] ; CLK_GEN:inst1|CLK_1HZ_CNT_BFR[21] ; CLK        ; CLK      ; None                        ; None                      ; 4.000 ns                ;
; N/A                                     ; 125.00 MHz ( period = 8.000 ns )                    ; CLK_GEN:inst1|CLK_1HZ_CNT_BFR[2]  ; CLK_GEN:inst1|CLK_1HZ_CNT_BFR[21] ; CLK        ; CLK      ; None                        ; None                      ; 4.000 ns                ;
; N/A                                     ; 125.00 MHz ( period = 8.000 ns )                    ; CLK_GEN:inst1|CLK_1HZ_CNT_BFR[17] ; CLK_GEN:inst1|CLK_1HZ_CNT_BFR[21] ; CLK        ; CLK      ; None                        ; None                      ; 4.000 ns                ;
; N/A                                     ; 125.00 MHz ( period = 8.000 ns )                    ; CLK_GEN:inst1|CLK_1HZ_CNT_BFR[1]  ; CLK_GEN:inst1|CLK_1HZ_CNT_BFR[21] ; CLK        ; CLK      ; None                        ; None                      ; 4.000 ns                ;
; N/A                                     ; 125.00 MHz ( period = 8.000 ns )                    ; CLK_GEN:inst1|CLK_1HZ_CNT_BFR[18] ; CLK_GEN:inst1|CLK_1HZ_CNT_BFR[21] ; CLK        ; CLK      ; None                        ; None                      ; 4.000 ns                ;
; N/A                                     ; 125.00 MHz ( period = 8.000 ns )                    ; CLK_GEN:inst1|CLK_1HZ_CNT_BFR[19] ; CLK_GEN:inst1|CLK_1HZ_CNT_BFR[21] ; CLK        ; CLK      ; None                        ; None                      ; 4.000 ns                ;
; N/A                                     ; 125.00 MHz ( period = 8.000 ns )                    ; CLK_GEN:inst1|CLK_1HZ_CNT_BFR[20] ; CLK_GEN:inst1|CLK_1HZ_CNT_BFR[21] ; CLK        ; CLK      ; None                        ; None                      ; 4.000 ns                ;
; N/A                                     ; 125.00 MHz ( period = 8.000 ns )                    ; CLK_GEN:inst1|CLK_1HZ_CNT_BFR[21] ; CLK_GEN:inst1|CLK_1HZ_CNT_BFR[21] ; CLK        ; CLK      ; None                        ; None                      ; 4.000 ns                ;
; N/A                                     ; 125.00 MHz ( period = 8.000 ns )                    ; CLK_GEN:inst1|CLK_1HZ_CNT_BFR[23] ; CLK_GEN:inst1|CLK_1HZ_CNT_BFR[22] ; CLK        ; CLK      ; None                        ; None                      ; 4.000 ns                ;
; N/A                                     ; 125.00 MHz ( period = 8.000 ns )                    ; CLK_GEN:inst1|CLK_1HZ_CNT_BFR[0]  ; CLK_GEN:inst1|CLK_1HZ_BFR         ; CLK        ; CLK      ; None                        ; None                      ; 4.000 ns                ;
; N/A                                     ; 125.00 MHz ( period = 8.000 ns )                    ; CLK_GEN:inst1|CLK_1HZ_CNT_BFR[10] ; CLK_GEN:inst1|CLK_1HZ_BFR         ; CLK        ; CLK      ; None                        ; None                      ; 4.000 ns                ;
; N/A                                     ; 125.00 MHz ( period = 8.000 ns )                    ; CLK_GEN:inst1|CLK_1HZ_CNT_BFR[9]  ; CLK_GEN:inst1|CLK_1HZ_BFR         ; CLK        ; CLK      ; None                        ; None                      ; 4.000 ns                ;
; N/A                                     ; 125.00 MHz ( period = 8.000 ns )                    ; CLK_GEN:inst1|CLK_1HZ_CNT_BFR[8]  ; CLK_GEN:inst1|CLK_1HZ_BFR         ; CLK        ; CLK      ; None                        ; None                      ; 4.000 ns                ;
; N/A                                     ; 125.00 MHz ( period = 8.000 ns )                    ; CLK_GEN:inst1|CLK_1HZ_CNT_BFR[11] ; CLK_GEN:inst1|CLK_1HZ_BFR         ; CLK        ; CLK      ; None                        ; None                      ; 4.000 ns                ;
; N/A                                     ; 125.00 MHz ( period = 8.000 ns )                    ; CLK_GEN:inst1|CLK_1HZ_CNT_BFR[7]  ; CLK_GEN:inst1|CLK_1HZ_BFR         ; CLK        ; CLK      ; None                        ; None                      ; 4.000 ns                ;
; N/A                                     ; 125.00 MHz ( period = 8.000 ns )                    ; CLK_GEN:inst1|CLK_1HZ_CNT_BFR[12] ; CLK_GEN:inst1|CLK_1HZ_BFR         ; CLK        ; CLK      ; None                        ; None                      ; 4.000 ns                ;
; N/A                                     ; 125.00 MHz ( period = 8.000 ns )                    ; CLK_GEN:inst1|CLK_1HZ_CNT_BFR[13] ; CLK_GEN:inst1|CLK_1HZ_BFR         ; CLK        ; CLK      ; None                        ; None                      ; 4.000 ns                ;
; N/A                                     ; 125.00 MHz ( period = 8.000 ns )                    ; CLK_GEN:inst1|CLK_1HZ_CNT_BFR[6]  ; CLK_GEN:inst1|CLK_1HZ_BFR         ; CLK        ; CLK      ; None                        ; None                      ; 4.000 ns                ;
; N/A                                     ; 125.00 MHz ( period = 8.000 ns )                    ; CLK_GEN:inst1|CLK_1HZ_CNT_BFR[14] ; CLK_GEN:inst1|CLK_1HZ_BFR         ; CLK        ; CLK      ; None                        ; None                      ; 4.000 ns                ;
; N/A                                     ; 125.00 MHz ( period = 8.000 ns )                    ; CLK_GEN:inst1|CLK_1HZ_CNT_BFR[5]  ; CLK_GEN:inst1|CLK_1HZ_BFR         ; CLK        ; CLK      ; None                        ; None                      ; 4.000 ns                ;
; N/A                                     ; 125.00 MHz ( period = 8.000 ns )                    ; CLK_GEN:inst1|CLK_1HZ_CNT_BFR[15] ; CLK_GEN:inst1|CLK_1HZ_BFR         ; CLK        ; CLK      ; None                        ; None                      ; 4.000 ns                ;
; N/A                                     ; 125.00 MHz ( period = 8.000 ns )                    ; CLK_GEN:inst1|CLK_1HZ_CNT_BFR[4]  ; CLK_GEN:inst1|CLK_1HZ_BFR         ; CLK        ; CLK      ; None                        ; None                      ; 4.000 ns                ;
; N/A                                     ; 125.00 MHz ( period = 8.000 ns )                    ; CLK_GEN:inst1|CLK_1HZ_CNT_BFR[3]  ; CLK_GEN:inst1|CLK_1HZ_BFR         ; CLK        ; CLK      ; None                        ; None                      ; 4.000 ns                ;
; N/A                                     ; 125.00 MHz ( period = 8.000 ns )                    ; CLK_GEN:inst1|CLK_1HZ_CNT_BFR[16] ; CLK_GEN:inst1|CLK_1HZ_BFR         ; CLK        ; CLK      ; None                        ; None                      ; 4.000 ns                ;
; N/A                                     ; 125.00 MHz ( period = 8.000 ns )                    ; CLK_GEN:inst1|CLK_1HZ_CNT_BFR[2]  ; CLK_GEN:inst1|CLK_1HZ_BFR         ; CLK        ; CLK      ; None                        ; None                      ; 4.000 ns                ;
; N/A                                     ; 125.00 MHz ( period = 8.000 ns )                    ; CLK_GEN:inst1|CLK_1HZ_CNT_BFR[17] ; CLK_GEN:inst1|CLK_1HZ_BFR         ; CLK        ; CLK      ; None                        ; None                      ; 4.000 ns                ;
; N/A                                     ; 125.00 MHz ( period = 8.000 ns )                    ; CLK_GEN:inst1|CLK_1HZ_CNT_BFR[1]  ; CLK_GEN:inst1|CLK_1HZ_BFR         ; CLK        ; CLK      ; None                        ; None                      ; 4.000 ns                ;
; N/A                                     ; 125.00 MHz ( period = 8.000 ns )                    ; CLK_GEN:inst1|CLK_1HZ_CNT_BFR[18] ; CLK_GEN:inst1|CLK_1HZ_BFR         ; CLK        ; CLK      ; None                        ; None                      ; 4.000 ns                ;
; N/A                                     ; 125.00 MHz ( period = 8.000 ns )                    ; CLK_GEN:inst1|CLK_1HZ_CNT_BFR[19] ; CLK_GEN:inst1|CLK_1HZ_BFR         ; CLK        ; CLK      ; None                        ; None                      ; 4.000 ns                ;
; N/A                                     ; 125.00 MHz ( period = 8.000 ns )                    ; CLK_GEN:inst1|CLK_1HZ_CNT_BFR[20] ; CLK_GEN:inst1|CLK_1HZ_BFR         ; CLK        ; CLK      ; None                        ; None                      ; 4.000 ns                ;
; N/A                                     ; 125.00 MHz ( period = 8.000 ns )                    ; CLK_GEN:inst1|CLK_1HZ_CNT_BFR[21] ; CLK_GEN:inst1|CLK_1HZ_BFR         ; CLK        ; CLK      ; None                        ; None                      ; 4.000 ns                ;
; N/A                                     ; 125.00 MHz ( period = 8.000 ns )                    ; CLK_GEN:inst1|CLK_1HZ_CNT_BFR[22] ; CLK_GEN:inst1|CLK_1HZ_BFR         ; CLK        ; CLK      ; None                        ; None                      ; 4.000 ns                ;
; N/A                                     ; 125.00 MHz ( period = 8.000 ns )                    ; CLK_GEN:inst1|CLK_1HZ_CNT_BFR[23] ; CLK_GEN:inst1|CLK_1HZ_BFR         ; CLK        ; CLK      ; None                        ; None                      ; 4.000 ns                ;
; N/A                                     ; 125.00 MHz ( period = 8.000 ns )                    ; CLK_GEN:inst1|CLK_1HZ_BFR         ; CLK_GEN:inst1|CLK_1HZ_BFR         ; CLK        ; CLK      ; None                        ; None                      ; 4.000 ns                ;
; N/A                                     ; 125.00 MHz ( period = 8.000 ns )                    ; BCD_CNT:inst|inst5                ; BCD_CNT:inst|inst5                ; CLK        ; CLK      ; None                        ; None                      ; 4.000 ns                ;
; N/A                                     ; 125.00 MHz ( period = 8.000 ns )                    ; BCD_CNT:inst|inst2                ; BCD_CNT:inst|inst5                ; CLK        ; CLK      ; None                        ; None                      ; 4.000 ns                ;
; N/A                                     ; 125.00 MHz ( period = 8.000 ns )                    ; BCD_CNT:inst|inst3                ; BCD_CNT:inst|inst5                ; CLK        ; CLK      ; None                        ; None                      ; 4.000 ns                ;
; N/A                                     ; 125.00 MHz ( period = 8.000 ns )                    ; BCD_CNT:inst|inst4                ; BCD_CNT:inst|inst5                ; CLK        ; CLK      ; None                        ; None                      ; 4.000 ns                ;
; N/A                                     ; 125.00 MHz ( period = 8.000 ns )                    ; BCD_CNT:inst|inst5                ; BCD_CNT:inst|inst2                ; CLK        ; CLK      ; None                        ; None                      ; 4.000 ns                ;
; N/A                                     ; 125.00 MHz ( period = 8.000 ns )                    ; BCD_CNT:inst|inst2                ; BCD_CNT:inst|inst2                ; CLK        ; CLK      ; None                        ; None                      ; 4.000 ns                ;
; N/A                                     ; 125.00 MHz ( period = 8.000 ns )                    ; BCD_CNT:inst|inst3                ; BCD_CNT:inst|inst2                ; CLK        ; CLK      ; None                        ; None                      ; 4.000 ns                ;
; N/A                                     ; 125.00 MHz ( period = 8.000 ns )                    ; BCD_CNT:inst|inst4                ; BCD_CNT:inst|inst2                ; CLK        ; CLK      ; None                        ; None                      ; 4.000 ns                ;
; N/A                                     ; 125.00 MHz ( period = 8.000 ns )                    ; BCD_CNT:inst|inst5                ; BCD_CNT:inst|inst3                ; CLK        ; CLK      ; None                        ; None                      ; 4.000 ns                ;
; N/A                                     ; 125.00 MHz ( period = 8.000 ns )                    ; BCD_CNT:inst|inst2                ; BCD_CNT:inst|inst3                ; CLK        ; CLK      ; None                        ; None                      ; 4.000 ns                ;
; N/A                                     ; 125.00 MHz ( period = 8.000 ns )                    ; BCD_CNT:inst|inst3                ; BCD_CNT:inst|inst3                ; CLK        ; CLK      ; None                        ; None                      ; 4.000 ns                ;
; N/A                                     ; 125.00 MHz ( period = 8.000 ns )                    ; BCD_CNT:inst|inst4                ; BCD_CNT:inst|inst3                ; CLK        ; CLK      ; None                        ; None                      ; 4.000 ns                ;
; N/A                                     ; 125.00 MHz ( period = 8.000 ns )                    ; BCD_CNT:inst|inst5                ; BCD_CNT:inst|inst4                ; CLK        ; CLK      ; None                        ; None                      ; 4.000 ns                ;
; N/A                                     ; 125.00 MHz ( period = 8.000 ns )                    ; BCD_CNT:inst|inst2                ; BCD_CNT:inst|inst4                ; CLK        ; CLK      ; None                        ; None                      ; 4.000 ns                ;
; Timing analysis restricted to 200 rows. ; To change the limit use Settings (Assignments menu) ;                                   ;                                   ;            ;          ;                             ;                           ;                         ;
+-----------------------------------------+-----------------------------------------------------+-----------------------------------+-----------------------------------+------------+----------+-----------------------------+---------------------------+-------------------------+


+-----------------------------------------------------------------------------+
; tco                                                                         ;
+-------+--------------+------------+--------------------+-------+------------+
; Slack ; Required tco ; Actual tco ; From               ; To    ; From Clock ;
+-------+--------------+------------+--------------------+-------+------------+
; N/A   ; None         ; 14.500 ns  ; BCD_CNT:inst|inst5 ; BCD_G ; CLK        ;
; N/A   ; None         ; 14.500 ns  ; BCD_CNT:inst|inst2 ; BCD_G ; CLK        ;
; N/A   ; None         ; 14.500 ns  ; BCD_CNT:inst|inst3 ; BCD_G ; CLK        ;
; N/A   ; None         ; 14.500 ns  ; BCD_CNT:inst|inst4 ; BCD_G ; CLK        ;
; N/A   ; None         ; 14.500 ns  ; BCD_CNT:inst|inst5 ; BCD_F ; CLK        ;
; N/A   ; None         ; 14.500 ns  ; BCD_CNT:inst|inst2 ; BCD_F ; CLK        ;
; N/A   ; None         ; 14.500 ns  ; BCD_CNT:inst|inst3 ; BCD_F ; CLK        ;
; N/A   ; None         ; 14.500 ns  ; BCD_CNT:inst|inst4 ; BCD_F ; CLK        ;
; N/A   ; None         ; 14.500 ns  ; BCD_CNT:inst|inst5 ; BCD_E ; CLK        ;
; N/A   ; None         ; 14.500 ns  ; BCD_CNT:inst|inst2 ; BCD_E ; CLK        ;
; N/A   ; None         ; 14.500 ns  ; BCD_CNT:inst|inst3 ; BCD_E ; CLK        ;
; N/A   ; None         ; 14.500 ns  ; BCD_CNT:inst|inst4 ; BCD_E ; CLK        ;
; N/A   ; None         ; 14.500 ns  ; BCD_CNT:inst|inst5 ; BCD_D ; CLK        ;
; N/A   ; None         ; 14.500 ns  ; BCD_CNT:inst|inst2 ; BCD_D ; CLK        ;
; N/A   ; None         ; 14.500 ns  ; BCD_CNT:inst|inst3 ; BCD_D ; CLK        ;
; N/A   ; None         ; 14.500 ns  ; BCD_CNT:inst|inst4 ; BCD_D ; CLK        ;
; N/A   ; None         ; 14.500 ns  ; BCD_CNT:inst|inst5 ; BDC_C ; CLK        ;
; N/A   ; None         ; 14.500 ns  ; BCD_CNT:inst|inst2 ; BDC_C ; CLK        ;
; N/A   ; None         ; 14.500 ns  ; BCD_CNT:inst|inst3 ; BDC_C ; CLK        ;
; N/A   ; None         ; 14.500 ns  ; BCD_CNT:inst|inst4 ; BDC_C ; CLK        ;
; N/A   ; None         ; 14.500 ns  ; BCD_CNT:inst|inst5 ; BCD_B ; CLK        ;
; N/A   ; None         ; 14.500 ns  ; BCD_CNT:inst|inst2 ; BCD_B ; CLK        ;
; N/A   ; None         ; 14.500 ns  ; BCD_CNT:inst|inst3 ; BCD_B ; CLK        ;
; N/A   ; None         ; 14.500 ns  ; BCD_CNT:inst|inst4 ; BCD_B ; CLK        ;
; N/A   ; None         ; 14.500 ns  ; BCD_CNT:inst|inst5 ; BCD_A ; CLK        ;
; N/A   ; None         ; 14.500 ns  ; BCD_CNT:inst|inst2 ; BCD_A ; CLK        ;
; N/A   ; None         ; 14.500 ns  ; BCD_CNT:inst|inst3 ; BCD_A ; CLK        ;
; N/A   ; None         ; 14.500 ns  ; BCD_CNT:inst|inst4 ; BCD_A ; CLK        ;
+-------+--------------+------------+--------------------+-------+------------+


+--------------------------+
; Timing Analyzer Messages ;
+--------------------------+
Info: *******************************************************************
Info: Running Quartus II Classic Timing Analyzer
    Info: Version 9.0 Build 235 06/17/2009 Service Pack 2 SJ Full Version
    Info: Processing started: Tue May 07 10:57:35 2013
Info: Command: quartus_tan --read_settings_files=off --write_settings_files=off Design3_Gudmundsson -c Design3_Gudmundsson
Info: Parallel compilation is enabled and will use 4 of the 4 processors detected
Info: Started post-fitting delay annotation
Info: Delay annotation completed successfully
Warning: Timing Analysis does not support the analysis of latches as synchronous elements for the currently selected device family
Warning: Found pins functioning as undefined clocks and/or memory enables
    Info: Assuming node "CLK" is an undefined clock
Warning: Found 1 node(s) in clock paths which may be acting as ripple and/or gated clocks -- node(s) analyzed as buffer(s) resulting in clock skew
    Info: Detected ripple clock "CLK_GEN:inst1|CLK_1HZ_BFR" as buffer
Info: Clock "CLK" has Internal fmax of 76.92 MHz between source register "CLK_GEN:inst1|CLK_1HZ_CNT_BFR[0]" and destination register "CLK_GEN:inst1|CLK_1HZ_CNT_BFR[22]" (period= 13.0 ns)
    Info: + Longest register to register delay is 9.000 ns
        Info: 1: + IC(0.000 ns) + CELL(0.000 ns) = 0.000 ns; Loc. = LC22; Fanout = 35; REG Node = 'CLK_GEN:inst1|CLK_1HZ_CNT_BFR[0]'
        Info: 2: + IC(1.000 ns) + CELL(4.000 ns) = 5.000 ns; Loc. = LC16; Fanout = 1; COMB Node = 'CLK_GEN:inst1|lpm_add_sub:Add0|addcore:adder[2]|a_csnbuffer:result_node|sout_node[6]~53'
        Info: 3: + IC(1.000 ns) + CELL(3.000 ns) = 9.000 ns; Loc. = LC15; Fanout = 12; REG Node = 'CLK_GEN:inst1|CLK_1HZ_CNT_BFR[22]'
        Info: Total cell delay = 7.000 ns ( 77.78 % )
        Info: Total interconnect delay = 2.000 ns ( 22.22 % )
    Info: - Smallest clock skew is 0.000 ns
        Info: + Shortest clock path from clock "CLK" to destination register is 1.500 ns
            Info: 1: + IC(0.000 ns) + CELL(1.500 ns) = 1.500 ns; Loc. = PIN_83; Fanout = 25; CLK Node = 'CLK'
            Info: 2: + IC(0.000 ns) + CELL(0.000 ns) = 1.500 ns; Loc. = LC15; Fanout = 12; REG Node = 'CLK_GEN:inst1|CLK_1HZ_CNT_BFR[22]'
            Info: Total cell delay = 1.500 ns ( 100.00 % )
        Info: - Longest clock path from clock "CLK" to source register is 1.500 ns
            Info: 1: + IC(0.000 ns) + CELL(1.500 ns) = 1.500 ns; Loc. = PIN_83; Fanout = 25; CLK Node = 'CLK'
            Info: 2: + IC(0.000 ns) + CELL(0.000 ns) = 1.500 ns; Loc. = LC22; Fanout = 35; REG Node = 'CLK_GEN:inst1|CLK_1HZ_CNT_BFR[0]'
            Info: Total cell delay = 1.500 ns ( 100.00 % )
    Info: + Micro clock to output delay of source is 1.000 ns
    Info: + Micro setup delay of destination is 3.000 ns
Info: tco from clock "CLK" to destination pin "BCD_G" through register "BCD_CNT:inst|inst5" is 14.500 ns
    Info: + Longest clock path from clock "CLK" to source register is 6.500 ns
        Info: 1: + IC(0.000 ns) + CELL(1.500 ns) = 1.500 ns; Loc. = PIN_83; Fanout = 25; CLK Node = 'CLK'
        Info: 2: + IC(0.000 ns) + CELL(1.000 ns) = 2.500 ns; Loc. = LC11; Fanout = 5; REG Node = 'CLK_GEN:inst1|CLK_1HZ_BFR'
        Info: 3: + IC(1.000 ns) + CELL(3.000 ns) = 6.500 ns; Loc. = LC20; Fanout = 19; REG Node = 'BCD_CNT:inst|inst5'
        Info: Total cell delay = 5.500 ns ( 84.62 % )
        Info: Total interconnect delay = 1.000 ns ( 15.38 % )
    Info: + Micro clock to output delay of source is 1.000 ns
    Info: + Longest register to pin delay is 7.000 ns
        Info: 1: + IC(0.000 ns) + CELL(0.000 ns) = 0.000 ns; Loc. = LC20; Fanout = 19; REG Node = 'BCD_CNT:inst|inst5'
        Info: 2: + IC(1.000 ns) + CELL(4.000 ns) = 5.000 ns; Loc. = LC104; Fanout = 1; COMB Node = 'Design2_Gudmundsson:inst2|lpm_mux0:inst20|lpm_mux:lpm_mux_component|muxlut:$00009|result_node~8'
        Info: 3: + IC(0.000 ns) + CELL(2.000 ns) = 7.000 ns; Loc. = PIN_67; Fanout = 0; PIN Node = 'BCD_G'
        Info: Total cell delay = 6.000 ns ( 85.71 % )
        Info: Total interconnect delay = 1.000 ns ( 14.29 % )
Info: Quartus II Classic Timing Analyzer was successful. 0 errors, 3 warnings
    Info: Peak virtual memory: 226 megabytes
    Info: Processing ended: Tue May 07 10:57:36 2013
    Info: Elapsed time: 00:00:01
    Info: Total CPU time (on all processors): 00:00:00


