Analysis & Synthesis report for Design2_Gudmundsson
Tue Apr 09 11:08:42 2013
Quartus II Version 9.0 Build 235 06/17/2009 Service Pack 2 SJ Full Version


---------------------
; Table of Contents ;
---------------------
  1. Legal Notice
  2. Analysis & Synthesis Summary
  3. Analysis & Synthesis Settings
  4. Analysis & Synthesis Source Files Read
  5. Analysis & Synthesis Resource Usage Summary
  6. Analysis & Synthesis Resource Utilization by Entity
  7. Parameter Settings for User Entity Instance: lpm_mux0:inst|LPM_MUX:lpm_mux_component
  8. Parameter Settings for User Entity Instance: lpm_mux0:inst7|LPM_MUX:lpm_mux_component
  9. Parameter Settings for User Entity Instance: lpm_mux0:inst9|LPM_MUX:lpm_mux_component
 10. Parameter Settings for User Entity Instance: lpm_mux0:inst11|LPM_MUX:lpm_mux_component
 11. Parameter Settings for User Entity Instance: lpm_mux0:inst14|LPM_MUX:lpm_mux_component
 12. Parameter Settings for User Entity Instance: lpm_mux0:inst17|LPM_MUX:lpm_mux_component
 13. Parameter Settings for User Entity Instance: lpm_mux0:inst20|LPM_MUX:lpm_mux_component
 14. Analysis & Synthesis Messages



----------------
; Legal Notice ;
----------------
Copyright (C) 1991-2009 Altera Corporation
Your use of Altera Corporation's design tools, logic functions 
and other software and tools, and its AMPP partner logic 
functions, and any output files from any of the foregoing 
(including device programming or simulation files), and any 
associated documentation or information are expressly subject 
to the terms and conditions of the Altera Program License 
Subscription Agreement, Altera MegaCore Function License 
Agreement, or other applicable license agreement, including, 
without limitation, that your use is for the sole purpose of 
programming logic devices manufactured by Altera and sold by 
Altera or its authorized distributors.  Please refer to the 
applicable agreement for further details.



+-----------------------------------------------------------------------------+
; Analysis & Synthesis Summary                                                ;
+-----------------------------+-----------------------------------------------+
; Analysis & Synthesis Status ; Successful - Tue Apr 09 11:08:42 2013         ;
; Quartus II Version          ; 9.0 Build 235 06/17/2009 SP 2 SJ Full Version ;
; Revision Name               ; Design2_Gudmundsson                           ;
; Top-level Entity Name       ; Design2_Gudmundsson                           ;
; Family                      ; MAX7000S                                      ;
; Total macrocells            ; 7                                             ;
; Total pins                  ; 11                                            ;
+-----------------------------+-----------------------------------------------+


+----------------------------------------------------------------------------------------------------------+
; Analysis & Synthesis Settings                                                                            ;
+--------------------------------------------------------------+---------------------+---------------------+
; Option                                                       ; Setting             ; Default Value       ;
+--------------------------------------------------------------+---------------------+---------------------+
; Device                                                       ; EPM7128SLC84-7      ;                     ;
; Top-level entity name                                        ; Design2_Gudmundsson ; Design2_Gudmundsson ;
; Family name                                                  ; MAX7000S            ; Stratix II          ;
; Use Generated Physical Constraints File                      ; Off                 ;                     ;
; Use smart compilation                                        ; Off                 ; Off                 ;
; Create Debugging Nodes for IP Cores                          ; Off                 ; Off                 ;
; Preserve fewer node names                                    ; On                  ; On                  ;
; Disable OpenCore Plus hardware evaluation                    ; Off                 ; Off                 ;
; Verilog Version                                              ; Verilog_2001        ; Verilog_2001        ;
; VHDL Version                                                 ; VHDL93              ; VHDL93              ;
; State Machine Processing                                     ; Auto                ; Auto                ;
; Safe State Machine                                           ; Off                 ; Off                 ;
; Extract Verilog State Machines                               ; On                  ; On                  ;
; Extract VHDL State Machines                                  ; On                  ; On                  ;
; Ignore Verilog initial constructs                            ; Off                 ; Off                 ;
; Iteration limit for constant Verilog loops                   ; 5000                ; 5000                ;
; Iteration limit for non-constant Verilog loops               ; 250                 ; 250                 ;
; Add Pass-Through Logic to Inferred RAMs                      ; On                  ; On                  ;
; Parallel Synthesis                                           ; Off                 ; Off                 ;
; NOT Gate Push-Back                                           ; On                  ; On                  ;
; Power-Up Don't Care                                          ; On                  ; On                  ;
; Remove Duplicate Registers                                   ; On                  ; On                  ;
; Ignore CARRY Buffers                                         ; Off                 ; Off                 ;
; Ignore CASCADE Buffers                                       ; Off                 ; Off                 ;
; Ignore GLOBAL Buffers                                        ; Off                 ; Off                 ;
; Ignore ROW GLOBAL Buffers                                    ; Off                 ; Off                 ;
; Ignore LCELL Buffers                                         ; Auto                ; Auto                ;
; Ignore SOFT Buffers                                          ; Off                 ; Off                 ;
; Limit AHDL Integers to 32 Bits                               ; Off                 ; Off                 ;
; Optimization Technique                                       ; Speed               ; Speed               ;
; Allow XOR Gate Usage                                         ; On                  ; On                  ;
; Auto Logic Cell Insertion                                    ; On                  ; On                  ;
; Parallel Expander Chain Length                               ; 4                   ; 4                   ;
; Auto Parallel Expanders                                      ; On                  ; On                  ;
; Auto Open-Drain Pins                                         ; On                  ; On                  ;
; Auto Resource Sharing                                        ; Off                 ; Off                 ;
; Maximum Fan-in Per Macrocell                                 ; 100                 ; 100                 ;
; Use LogicLock Constraints during Resource Balancing          ; On                  ; On                  ;
; Ignore translate_off and synthesis_off directives            ; Off                 ; Off                 ;
; Show Parameter Settings Tables in Synthesis Report           ; On                  ; On                  ;
; HDL message level                                            ; Level2              ; Level2              ;
; Suppress Register Optimization Related Messages              ; Off                 ; Off                 ;
; Number of Removed Registers Reported in Synthesis Report     ; 100                 ; 100                 ;
; Number of Inverted Registers Reported in Synthesis Report    ; 100                 ; 100                 ;
; Block Design Naming                                          ; Auto                ; Auto                ;
; Synthesis Effort                                             ; Auto                ; Auto                ;
; Shift Register Replacement - Allow Asynchronous Clear Signal ; On                  ; On                  ;
; Analysis & Synthesis Message Level                           ; Medium              ; Medium              ;
+--------------------------------------------------------------+---------------------+---------------------+


+------------------------------------------------------------------------------------------------------------------------------------------------------+
; Analysis & Synthesis Source Files Read                                                                                                               ;
+----------------------------------+-----------------+------------------------------------+------------------------------------------------------------+
; File Name with User-Entered Path ; Used in Netlist ; File Type                          ; File Name with Absolute Path                               ;
+----------------------------------+-----------------+------------------------------------+------------------------------------------------------------+
; Design2_Gudmundsson.bdf          ; yes             ; User Block Diagram/Schematic File  ; Z:/Engn1040/Design2/Design2_Gudmundsson.bdf                ;
; lpm_mux0.vhd                     ; yes             ; Auto-Found Wizard-Generated File   ; Z:/Engn1040/Design2/lpm_mux0.vhd                           ;
; LPM_MUX.tdf                      ; yes             ; Megafunction                       ; c:/altera/90/quartus/libraries/megafunctions/LPM_MUX.tdf   ;
; aglobal90.inc                    ; yes             ; Megafunction                       ; c:/altera/90/quartus/libraries/megafunctions/aglobal90.inc ;
; muxlut.inc                       ; yes             ; Megafunction                       ; c:/altera/90/quartus/libraries/megafunctions/muxlut.inc    ;
; bypassff.inc                     ; yes             ; Megafunction                       ; c:/altera/90/quartus/libraries/megafunctions/bypassff.inc  ;
; altshift.inc                     ; yes             ; Megafunction                       ; c:/altera/90/quartus/libraries/megafunctions/altshift.inc  ;
; altshift.tdf                     ; yes             ; Megafunction                       ; c:/altera/90/quartus/libraries/megafunctions/altshift.tdf  ;
; muxlut.tdf                       ; yes             ; Megafunction                       ; c:/altera/90/quartus/libraries/megafunctions/muxlut.tdf    ;
+----------------------------------+-----------------+------------------------------------+------------------------------------------------------------+


+---------------------------------------------+
; Analysis & Synthesis Resource Usage Summary ;
+----------------------+----------------------+
; Resource             ; Usage                ;
+----------------------+----------------------+
; Logic cells          ; 7                    ;
; Total registers      ; 0                    ;
; I/O pins             ; 11                   ;
; Maximum fan-out node ; Y[4]                 ;
; Maximum fan-out      ; 7                    ;
; Total fan-out        ; 35                   ;
; Average fan-out      ; 1.94                 ;
+----------------------+----------------------+


+-----------------------------------------------------------------------------------------------------------------------------------------------------+
; Analysis & Synthesis Resource Utilization by Entity                                                                                                 ;
+-----------------------------------+------------+------+------------------------------------------------------------------------------+--------------+
; Compilation Hierarchy Node        ; Macrocells ; Pins ; Full Hierarchy Name                                                          ; Library Name ;
+-----------------------------------+------------+------+------------------------------------------------------------------------------+--------------+
; |Design2_Gudmundsson              ; 7          ; 11   ; |Design2_Gudmundsson                                                         ; work         ;
;    |lpm_mux0:inst11|              ; 1          ; 0    ; |Design2_Gudmundsson|lpm_mux0:inst11                                         ; work         ;
;       |lpm_mux:lpm_mux_component| ; 1          ; 0    ; |Design2_Gudmundsson|lpm_mux0:inst11|lpm_mux:lpm_mux_component               ; work         ;
;          |muxlut:$00009|          ; 1          ; 0    ; |Design2_Gudmundsson|lpm_mux0:inst11|lpm_mux:lpm_mux_component|muxlut:$00009 ; work         ;
;    |lpm_mux0:inst14|              ; 1          ; 0    ; |Design2_Gudmundsson|lpm_mux0:inst14                                         ; work         ;
;       |lpm_mux:lpm_mux_component| ; 1          ; 0    ; |Design2_Gudmundsson|lpm_mux0:inst14|lpm_mux:lpm_mux_component               ; work         ;
;          |muxlut:$00009|          ; 1          ; 0    ; |Design2_Gudmundsson|lpm_mux0:inst14|lpm_mux:lpm_mux_component|muxlut:$00009 ; work         ;
;    |lpm_mux0:inst17|              ; 1          ; 0    ; |Design2_Gudmundsson|lpm_mux0:inst17                                         ; work         ;
;       |lpm_mux:lpm_mux_component| ; 1          ; 0    ; |Design2_Gudmundsson|lpm_mux0:inst17|lpm_mux:lpm_mux_component               ; work         ;
;          |muxlut:$00009|          ; 1          ; 0    ; |Design2_Gudmundsson|lpm_mux0:inst17|lpm_mux:lpm_mux_component|muxlut:$00009 ; work         ;
;    |lpm_mux0:inst20|              ; 1          ; 0    ; |Design2_Gudmundsson|lpm_mux0:inst20                                         ; work         ;
;       |lpm_mux:lpm_mux_component| ; 1          ; 0    ; |Design2_Gudmundsson|lpm_mux0:inst20|lpm_mux:lpm_mux_component               ; work         ;
;          |muxlut:$00009|          ; 1          ; 0    ; |Design2_Gudmundsson|lpm_mux0:inst20|lpm_mux:lpm_mux_component|muxlut:$00009 ; work         ;
;    |lpm_mux0:inst7|               ; 1          ; 0    ; |Design2_Gudmundsson|lpm_mux0:inst7                                          ; work         ;
;       |lpm_mux:lpm_mux_component| ; 1          ; 0    ; |Design2_Gudmundsson|lpm_mux0:inst7|lpm_mux:lpm_mux_component                ; work         ;
;          |muxlut:$00009|          ; 1          ; 0    ; |Design2_Gudmundsson|lpm_mux0:inst7|lpm_mux:lpm_mux_component|muxlut:$00009  ; work         ;
;    |lpm_mux0:inst9|               ; 1          ; 0    ; |Design2_Gudmundsson|lpm_mux0:inst9                                          ; work         ;
;       |lpm_mux:lpm_mux_component| ; 1          ; 0    ; |Design2_Gudmundsson|lpm_mux0:inst9|lpm_mux:lpm_mux_component                ; work         ;
;          |muxlut:$00009|          ; 1          ; 0    ; |Design2_Gudmundsson|lpm_mux0:inst9|lpm_mux:lpm_mux_component|muxlut:$00009  ; work         ;
;    |lpm_mux0:inst|                ; 1          ; 0    ; |Design2_Gudmundsson|lpm_mux0:inst                                           ; work         ;
;       |lpm_mux:lpm_mux_component| ; 1          ; 0    ; |Design2_Gudmundsson|lpm_mux0:inst|lpm_mux:lpm_mux_component                 ; work         ;
;          |muxlut:$00009|          ; 1          ; 0    ; |Design2_Gudmundsson|lpm_mux0:inst|lpm_mux:lpm_mux_component|muxlut:$00009   ; work         ;
+-----------------------------------+------------+------+------------------------------------------------------------------------------+--------------+


+--------------------------------------------------------------------------------------+
; Parameter Settings for User Entity Instance: lpm_mux0:inst|LPM_MUX:lpm_mux_component ;
+------------------------+----------+--------------------------------------------------+
; Parameter Name         ; Value    ; Type                                             ;
+------------------------+----------+--------------------------------------------------+
; AUTO_CARRY_CHAINS      ; ON       ; AUTO_CARRY                                       ;
; IGNORE_CARRY_BUFFERS   ; OFF      ; IGNORE_CARRY                                     ;
; AUTO_CASCADE_CHAINS    ; ON       ; AUTO_CASCADE                                     ;
; IGNORE_CASCADE_BUFFERS ; OFF      ; IGNORE_CASCADE                                   ;
; LPM_WIDTH              ; 1        ; Signed Integer                                   ;
; LPM_SIZE               ; 4        ; Signed Integer                                   ;
; LPM_WIDTHS             ; 2        ; Signed Integer                                   ;
; LPM_PIPELINE           ; 0        ; Signed Integer                                   ;
; CBXI_PARAMETER         ; mux_4od  ; Untyped                                          ;
; DEVICE_FAMILY          ; MAX7000S ; Untyped                                          ;
+------------------------+----------+--------------------------------------------------+
Note: In order to hide this table in the UI and the text report file, please set the "Show Parameter Settings Tables in Synthesis Report" option in "Analysis and Synthesis Settings -> More Settings" to "Off".


+---------------------------------------------------------------------------------------+
; Parameter Settings for User Entity Instance: lpm_mux0:inst7|LPM_MUX:lpm_mux_component ;
+------------------------+----------+---------------------------------------------------+
; Parameter Name         ; Value    ; Type                                              ;
+------------------------+----------+---------------------------------------------------+
; AUTO_CARRY_CHAINS      ; ON       ; AUTO_CARRY                                        ;
; IGNORE_CARRY_BUFFERS   ; OFF      ; IGNORE_CARRY                                      ;
; AUTO_CASCADE_CHAINS    ; ON       ; AUTO_CASCADE                                      ;
; IGNORE_CASCADE_BUFFERS ; OFF      ; IGNORE_CASCADE                                    ;
; LPM_WIDTH              ; 1        ; Signed Integer                                    ;
; LPM_SIZE               ; 4        ; Signed Integer                                    ;
; LPM_WIDTHS             ; 2        ; Signed Integer                                    ;
; LPM_PIPELINE           ; 0        ; Signed Integer                                    ;
; CBXI_PARAMETER         ; mux_4od  ; Untyped                                           ;
; DEVICE_FAMILY          ; MAX7000S ; Untyped                                           ;
+------------------------+----------+---------------------------------------------------+
Note: In order to hide this table in the UI and the text report file, please set the "Show Parameter Settings Tables in Synthesis Report" option in "Analysis and Synthesis Settings -> More Settings" to "Off".


+---------------------------------------------------------------------------------------+
; Parameter Settings for User Entity Instance: lpm_mux0:inst9|LPM_MUX:lpm_mux_component ;
+------------------------+----------+---------------------------------------------------+
; Parameter Name         ; Value    ; Type                                              ;
+------------------------+----------+---------------------------------------------------+
; AUTO_CARRY_CHAINS      ; ON       ; AUTO_CARRY                                        ;
; IGNORE_CARRY_BUFFERS   ; OFF      ; IGNORE_CARRY                                      ;
; AUTO_CASCADE_CHAINS    ; ON       ; AUTO_CASCADE                                      ;
; IGNORE_CASCADE_BUFFERS ; OFF      ; IGNORE_CASCADE                                    ;
; LPM_WIDTH              ; 1        ; Signed Integer                                    ;
; LPM_SIZE               ; 4        ; Signed Integer                                    ;
; LPM_WIDTHS             ; 2        ; Signed Integer                                    ;
; LPM_PIPELINE           ; 0        ; Signed Integer                                    ;
; CBXI_PARAMETER         ; mux_4od  ; Untyped                                           ;
; DEVICE_FAMILY          ; MAX7000S ; Untyped                                           ;
+------------------------+----------+---------------------------------------------------+
Note: In order to hide this table in the UI and the text report file, please set the "Show Parameter Settings Tables in Synthesis Report" option in "Analysis and Synthesis Settings -> More Settings" to "Off".


+----------------------------------------------------------------------------------------+
; Parameter Settings for User Entity Instance: lpm_mux0:inst11|LPM_MUX:lpm_mux_component ;
+------------------------+----------+----------------------------------------------------+
; Parameter Name         ; Value    ; Type                                               ;
+------------------------+----------+----------------------------------------------------+
; AUTO_CARRY_CHAINS      ; ON       ; AUTO_CARRY                                         ;
; IGNORE_CARRY_BUFFERS   ; OFF      ; IGNORE_CARRY                                       ;
; AUTO_CASCADE_CHAINS    ; ON       ; AUTO_CASCADE                                       ;
; IGNORE_CASCADE_BUFFERS ; OFF      ; IGNORE_CASCADE                                     ;
; LPM_WIDTH              ; 1        ; Signed Integer                                     ;
; LPM_SIZE               ; 4        ; Signed Integer                                     ;
; LPM_WIDTHS             ; 2        ; Signed Integer                                     ;
; LPM_PIPELINE           ; 0        ; Signed Integer                                     ;
; CBXI_PARAMETER         ; mux_4od  ; Untyped                                            ;
; DEVICE_FAMILY          ; MAX7000S ; Untyped                                            ;
+------------------------+----------+----------------------------------------------------+
Note: In order to hide this table in the UI and the text report file, please set the "Show Parameter Settings Tables in Synthesis Report" option in "Analysis and Synthesis Settings -> More Settings" to "Off".


+----------------------------------------------------------------------------------------+
; Parameter Settings for User Entity Instance: lpm_mux0:inst14|LPM_MUX:lpm_mux_component ;
+------------------------+----------+----------------------------------------------------+
; Parameter Name         ; Value    ; Type                                               ;
+------------------------+----------+----------------------------------------------------+
; AUTO_CARRY_CHAINS      ; ON       ; AUTO_CARRY                                         ;
; IGNORE_CARRY_BUFFERS   ; OFF      ; IGNORE_CARRY                                       ;
; AUTO_CASCADE_CHAINS    ; ON       ; AUTO_CASCADE                                       ;
; IGNORE_CASCADE_BUFFERS ; OFF      ; IGNORE_CASCADE                                     ;
; LPM_WIDTH              ; 1        ; Signed Integer                                     ;
; LPM_SIZE               ; 4        ; Signed Integer                                     ;
; LPM_WIDTHS             ; 2        ; Signed Integer                                     ;
; LPM_PIPELINE           ; 0        ; Signed Integer                                     ;
; CBXI_PARAMETER         ; mux_4od  ; Untyped                                            ;
; DEVICE_FAMILY          ; MAX7000S ; Untyped                                            ;
+------------------------+----------+----------------------------------------------------+
Note: In order to hide this table in the UI and the text report file, please set the "Show Parameter Settings Tables in Synthesis Report" option in "Analysis and Synthesis Settings -> More Settings" to "Off".


+----------------------------------------------------------------------------------------+
; Parameter Settings for User Entity Instance: lpm_mux0:inst17|LPM_MUX:lpm_mux_component ;
+------------------------+----------+----------------------------------------------------+
; Parameter Name         ; Value    ; Type                                               ;
+------------------------+----------+----------------------------------------------------+
; AUTO_CARRY_CHAINS      ; ON       ; AUTO_CARRY                                         ;
; IGNORE_CARRY_BUFFERS   ; OFF      ; IGNORE_CARRY                                       ;
; AUTO_CASCADE_CHAINS    ; ON       ; AUTO_CASCADE                                       ;
; IGNORE_CASCADE_BUFFERS ; OFF      ; IGNORE_CASCADE                                     ;
; LPM_WIDTH              ; 1        ; Signed Integer                                     ;
; LPM_SIZE               ; 4        ; Signed Integer                                     ;
; LPM_WIDTHS             ; 2        ; Signed Integer                                     ;
; LPM_PIPELINE           ; 0        ; Signed Integer                                     ;
; CBXI_PARAMETER         ; mux_4od  ; Untyped                                            ;
; DEVICE_FAMILY          ; MAX7000S ; Untyped                                            ;
+------------------------+----------+----------------------------------------------------+
Note: In order to hide this table in the UI and the text report file, please set the "Show Parameter Settings Tables in Synthesis Report" option in "Analysis and Synthesis Settings -> More Settings" to "Off".


+----------------------------------------------------------------------------------------+
; Parameter Settings for User Entity Instance: lpm_mux0:inst20|LPM_MUX:lpm_mux_component ;
+------------------------+----------+----------------------------------------------------+
; Parameter Name         ; Value    ; Type                                               ;
+------------------------+----------+----------------------------------------------------+
; AUTO_CARRY_CHAINS      ; ON       ; AUTO_CARRY                                         ;
; IGNORE_CARRY_BUFFERS   ; OFF      ; IGNORE_CARRY                                       ;
; AUTO_CASCADE_CHAINS    ; ON       ; AUTO_CASCADE                                       ;
; IGNORE_CASCADE_BUFFERS ; OFF      ; IGNORE_CASCADE                                     ;
; LPM_WIDTH              ; 1        ; Signed Integer                                     ;
; LPM_SIZE               ; 4        ; Signed Integer                                     ;
; LPM_WIDTHS             ; 2        ; Signed Integer                                     ;
; LPM_PIPELINE           ; 0        ; Signed Integer                                     ;
; CBXI_PARAMETER         ; mux_4od  ; Untyped                                            ;
; DEVICE_FAMILY          ; MAX7000S ; Untyped                                            ;
+------------------------+----------+----------------------------------------------------+
Note: In order to hide this table in the UI and the text report file, please set the "Show Parameter Settings Tables in Synthesis Report" option in "Analysis and Synthesis Settings -> More Settings" to "Off".


+-------------------------------+
; Analysis & Synthesis Messages ;
+-------------------------------+
Info: *******************************************************************
Info: Running Quartus II Analysis & Synthesis
    Info: Version 9.0 Build 235 06/17/2009 Service Pack 2 SJ Full Version
    Info: Processing started: Tue Apr 09 11:08:31 2013
Info: Command: quartus_map --read_settings_files=on --write_settings_files=off Design2_Gudmundsson -c Design2_Gudmundsson
Info: Found 1 design units, including 1 entities, in source file Design2_Gudmundsson.bdf
    Info: Found entity 1: Design2_Gudmundsson
Info: Elaborating entity "Design2_Gudmundsson" for the top level hierarchy
Warning: Using design file lpm_mux0.vhd, which is not specified as a design file for the current project, but contains definitions for 2 design units and 1 entities in project
    Info: Found design unit 1: lpm_mux0-SYN
    Info: Found entity 1: lpm_mux0
Info: Elaborating entity "lpm_mux0" for hierarchy "lpm_mux0:inst"
Info: Elaborating entity "LPM_MUX" for hierarchy "lpm_mux0:inst|LPM_MUX:lpm_mux_component"
Info: Elaborated megafunction instantiation "lpm_mux0:inst|LPM_MUX:lpm_mux_component"
Info: Instantiated megafunction "lpm_mux0:inst|LPM_MUX:lpm_mux_component" with the following parameter:
    Info: Parameter "LPM_WIDTH" = "1"
    Info: Parameter "LPM_SIZE" = "4"
    Info: Parameter "LPM_WIDTHS" = "2"
    Info: Parameter "LPM_PIPELINE" = "0"
    Info: Parameter "LPM_TYPE" = "LPM_MUX"
    Info: Parameter "LPM_HINT" = "UNUSED"
Info: Elaborating entity "altshift" for hierarchy "lpm_mux0:inst|LPM_MUX:lpm_mux_component|altshift:external_latency_ffs"
Info: Elaborated megafunction instantiation "lpm_mux0:inst|LPM_MUX:lpm_mux_component|altshift:external_latency_ffs", which is child of megafunction instantiation "lpm_mux0:inst|LPM_MUX:lpm_mux_component"
Info: Elaborating entity "muxlut" for hierarchy "lpm_mux0:inst|LPM_MUX:lpm_mux_component|muxlut:$00009"
Info: Elaborated megafunction instantiation "lpm_mux0:inst|LPM_MUX:lpm_mux_component|muxlut:$00009", which is child of megafunction instantiation "lpm_mux0:inst|LPM_MUX:lpm_mux_component"
Info: Implemented 18 device resources after synthesis - the final resource count might be different
    Info: Implemented 4 input pins
    Info: Implemented 7 output pins
    Info: Implemented 7 macrocells
Info: Quartus II Analysis & Synthesis was successful. 0 errors, 1 warning
    Info: Peak virtual memory: 283 megabytes
    Info: Processing ended: Tue Apr 09 11:08:43 2013
    Info: Elapsed time: 00:00:12
    Info: Total CPU time (on all processors): 00:00:02


